#-----------------------------------------------------------
# Vivado v2020.2 (64-bit)
# SW Build 3064766 on Wed Nov 18 09:12:45 MST 2020
# IP Build 3064653 on Wed Nov 18 14:17:31 MST 2020
# Start of session at: Wed Mar 24 13:26:18 2021
# Process ID: 5960
# Current directory: D:/Samo/Skola/VUT_FEKT/Druhy_Rocnik/Druhy_semester/Digitalni_Elektronika/Digital-electronics-1/Labs/06-display_driver/display_driver
# Command line: vivado.exe -gui_launcher_event rodinguilauncherevent23080 D:\Samo\Skola\VUT_FEKT\Druhy_Rocnik\Druhy_semester\Digitalni_Elektronika\Digital-electronics-1\Labs\06-display_driver\display_driver\display_driver.xpr
# Log file: D:/Samo/Skola/VUT_FEKT/Druhy_Rocnik/Druhy_semester/Digitalni_Elektronika/Digital-electronics-1/Labs/06-display_driver/display_driver/vivado.log
# Journal file: D:/Samo/Skola/VUT_FEKT/Druhy_Rocnik/Druhy_semester/Digitalni_Elektronika/Digital-electronics-1/Labs/06-display_driver/display_driver\vivado.jou
#-----------------------------------------------------------
start_gui
open_project D:/Samo/Skola/VUT_FEKT/Druhy_Rocnik/Druhy_semester/Digitalni_Elektronika/Digital-electronics-1/Labs/06-display_driver/display_driver/display_driver.xpr
INFO: [ProjectBase 1-489] The host OS only allows 260 characters in a normal path. The project is stored in a path with more than 80 characters. If you experience issues with IP, Block Designs, or files not being found, please consider moving the project to a location with a shorter path. Alternately consider using the OS subst command to map part of the path to a drive letter.
Current project path is 'D:/Samo/Skola/VUT_FEKT/Druhy_Rocnik/Druhy_semester/Digitalni_Elektronika/Digital-electronics-1/Labs/06-display_driver/display_driver'
WARNING: [filemgmt 56-3] Default IP Output Path : Could not find the directory 'D:/Samo/Skola/VUT_FEKT/Druhy_Rocnik/exit
INFO: [Common 17-206] Exiting Vivado at Wed Mar 24 13:29:23 2021...
y_driver/display_driver/display_driver.gen/sources_1'.
Scanning sources...
Finished scanning sources
INFO: [IP_Flow 19-234] Refreshing IP repositories
INFO: [IP_Flow 19-1704] No user IP repositories specified
INFO: [IP_Flow 19-2313] Loaded Vivado IP repository 'D:/Xilinx/Vivado/2020.2/data/ip'.
open_project: Time (s): cpu = 00:02:04 ; elapsed = 00:01:02 . Memory (MB): peak = 1018.035 ; gain = 0.000
update_compile_order -fileset sources_1
exit
INFO: [Common 17-206] Exiting Vivado at Wed Mar 24 14:44:55 2021...
