#-----------------------------------------------------------
# Vivado v2020.2 (64-bit)
# SW Build 3064766 on Wed Nov 18 09:12:45 MST 2020
# IP Build 3064653 on Wed Nov 18 14:17:31 MST 2020
# Start of session at: Tue Mar 16 22:37:00 2021
# Process ID: 12404
# Current directory: D:/Samo/Skola/VUT_FEKT/Druhy_Rocnik/Druhy_semester/Digitalni_Elektronika/Digital-electronics-1/Labs/05-counter/counter
# Command line: vivado.exe -gui_launcher_event rodinguilauncherevent11940 D:\Samo\Skola\VUT_FEKT\Druhy_Rocnik\Druhy_semester\Digitalni_Elektronika\Digital-electronics-1\Labs\05-counter\counter\counter.xpr
# Log file: D:/Samo/Skola/VUT_FEKT/Druhy_Rocnik/Druhy_semester/Digitalni_Elektronika/Digital-electronics-1/Labs/05-counter/counter/vivado.log
# Journal file: D:/Samo/Skola/VUT_FEKT/Druhy_Rocnik/Druhy_semester/Digitalni_Elektronika/Digital-electronics-1/Labs/05-counter/counter\vivado.jou
#-----------------------------------------------------------
start_gui
open_project D:/Samo/Skola/VUT_FEKT/Druhy_Rocnik/Druhy_semester/Digitalni_Elektronika/Digital-electronics-1/Labs/05-counter/counter/counter.xpr
INFO: [ProjectBase 1-489] The host OS only allows 260 characters in a normal path. The project is stored in a path with more than 80 characters. If you experience issues with IP, Block Designs, or files not being found, please consider moving the project to a location with a shorter path. Alternately consider using the OS subst command to map part of the path to a drive letter.
Current project path is 'D:/Samo/Skola/VUT_FEKT/Druhy_Rocnik/Druhy_semester/Digitalni_Elektronika/Digital-electronics-1/Labs/05-counter/counter'
WARNING: [filemgmt 56-3] Default IP Output Path : Could not find the directory 'D:/Samo/Skola/VUT_FEKT/Druhy_Rocnik/Druhy_semester/Digitalni_Elektronika/Digital-electronics-1/Labs/05-counter/counter/counter.gen/sources_1'.
Scanning sources...
Finished scanning sources
INFO: [IP_Flow 19-234] Refreshing IP repositories
INFO: [IP_Flow 19-1704] No user IP repositories specified
INFO: [IP_Flow 19-2313] Loaded Vivado IP repository 'D:/Xilinx/Vivado/2020.2/data/ip'.
open_project: Time (s): cpu = 00:00:32 ; elapsed = 00:00:18 . Memory (MB): peak = 993.195 ; gain = 0.000
update_compile_order -fileset sources_1
exit
INFO: [Common 17-206] Exiting Vivado at Tue Mar 16 22:39:58 2021...
