#-----------------------------------------------------------
# Vivado v2020.2 (64-bit)
# SW Build 3064766 on Wed Nov 18 09:12:45 MST 2020
# IP Build 3064653 on Wed Nov 18 14:17:31 MST 2020
# Start of session at: Tue Apr 13 22:51:36 2021
# Process ID: 17816
# Current directory: D:/Samo/Skola/VUT_FEKT/Druhy_Rocnik/Druhy_semester/Digitalni_Elektronika/Digital-electronics-1/Labs/07-ffs/07-ffs
# Command line: vivado.exe -gui_launcher_event rodinguilauncherevent7384 D:\Samo\Skola\VUT_FEKT\Druhy_Rocnik\Druhy_semester\Digitalni_Elektronika\Digital-electronics-1\Labs\07-ffs\07-ffs\07-ffs.xpr
# Log file: D:/Samo/Skola/VUT_FEKT/Druhy_Rocnik/Druhy_semester/Digitalni_Elektronika/Digital-electronics-1/Labs/07-ffs/07-ffs/vivado.log
# Journal file: D:/Samo/Skola/VUT_FEKT/Druhy_Rocnik/Druhy_semester/Digitalni_Elektronika/Digital-electronics-1/Labs/07-ffs/07-ffs\vivado.jou
#-----------------------------------------------------------
start_gui
open_project D:/Samo/Skola/VUT_FEKT/Druhy_Rocnik/Druhy_semester/Digitalni_Elektronika/Digital-electronics-1/Labs/07-ffs/07-ffs/07-ffs.xpr
INFO: [ProjectBase 1-489] The host OS only allows 260 characters in a normal path. The project is stored in a path with more than 80 characters. If you experience issues with IP, Block Designs, or files not being found, please consider moving the project to a location with a shorter path. Alternately consider using the OS subst command to map part of the path to a drive letter.
Current project path is 'D:/Samo/Skola/VUT_FEKT/Druhy_Rocnik/Druhy_semester/Digitalni_Elektronika/Digital-electronics-1/Labs/07-ffs/07-ffs'
WARNING: [filemgmt 56-3] Default IP Output Path : Could not find the directory 'D:/Samo/Skola/VUT_FEKT/Druhy_Rocnik/Druhy_semester/Digitalni_Elektronika/Digital-electronics-1/Labs/07-ffs/07-ffs/07-ffs.gen/sources_1'.
Scanning sources...
Finished scanning sources
INFO: [IP_Flow 19-234] Refreshing IP repositories
INFO: [IP_Flow 19-1704] No user IP repositories specified
IINFO: [IP_Flow 19-2313] Loaded Vivado IP repository 'D:/Xilinx/VINFO: [IP_Flow 19-2313]open_project: Time (s): cpu = 00:00:45 ; elapsed = 00:00:35 . Memory (MB): peak = 981.973 ; gain = 0.000
update_compile_order -fileset sources_1
launch_simulation
Command: launch_simulation 
INFO: [Vivado 12-5682] Launching behavioral simulation in 'D:/Samo/Skola/VUT_FEKT/Druhy_Rocnik/Druhy_semester/Digitalni_Elektronika/Digital-electronics-1/Labs/07-ffs/07-ffs/07-ffs.sim/sim_1/behav/xsim'
INFO: [SIM-utils-51] Simulation object is 'sim_1'
INFO: [SIM-utils-54] Inspecting design source files for 'tb_d_ff_arst' in fileset 'sim_1'...
INFO: [USF-XSim-97] Finding global include files...
INFO: [USF-XSim-98] Fetching design files from 'sim_1'...
INFO: [USF-XSim-2] XSim::Compile design
INFO: [USF-XSim-61] Executing 'COMPILE and ANALYZE' step in 'D:/Samo/Skola/VUT_FEKT/Druhy_Rocnik/Druhy_semester/Digitalni_Elektronika/Digital-electronics-1/Labs/07-ffs/07-ffs/07-ffs.sim/sim_1/behav/xsim'
"xvhdl --incr --relax -prj tb_d_ff_arst_vhdl.prj"
INFO: [VRFC 10-163] Analyzing VHDL file "D:/Samo/Skola/VUT_FEKT/Druhy_Rocnik/Druhy_semester/Digitalni_Elektronika/Digital-electronics-1/Labs/07-ffs/07-ffs/07-ffs.srcs/sources_1/new/d_ff_arst.vhd" into library xil_defaultlib
INFO: [VRFC 10-3107] analyzing entity 'd_ff_arst'
INFO: [VRFC 10-163] Analyzing VHDL file "D:/Samo/Skola/VUT_FEKT/Druhy_Rocnik/Druhy_semester/Digitalni_Elektronika/Digital-electronics-1/Labs/07-ffs/07-ffs/07-ffs.srcs/sim_1/new/tb_d_ff_arst.vhd" into library xil_defaultlib
INFO: [VRFC 10-3107] analyzing entity 'tb_d_ff_arst'
INFO: [USF-XSim-69] 'compile' step finished in '5' seconds
INFO: [USF-XSim-3] XSim::Elaborate design
INFO: [USF-XSim-61] Executing 'ELABORATE' step in 'D:/Samo/Skola/VUT_FEKT/Druhy_Rocnik/Druhy_semester/Digitalni_Elektronika/Digital-electronics-1/Labs/07-ffs/07-ffs/07-ffs.sim/sim_1/behav/xsim'
"xelab -wto d8fb6337bf584efe96bab8f4a88ff0a2 --incr --debug typical --relax --mt 2 -L xil_defaultlib -L secureip --snapshot tb_d_ff_arst_behav xil_defaultlib.tb_d_ff_arst -log elaborate.log"
Vivado Simulator 2020.2
Copyright 1986-1999, 2001-2020 Xilinx, Inc. All Rights Reserved.
Running: D:/Xilinx/Vivado/2020.2/bin/unwrapped/win64.o/xelab.exe -wto d8fb6337bf584efe96bab8f4a88ff0a2 --incr --debug typical --relax --mt 2 -L xil_defaultlib -L secureip --snapshot tb_d_ff_arst_behav xil_defaultlib.tb_d_ff_arst -log elaborate.log 
Using 2 slave threads.
Starting static elaboration
Completed static elaboration
Starting simulation data flow analysis
Completed simulation data flow analysis
Time Resolution for simulation is 1ps
Compiling package std.standard
Compiling package std.textio
Compiling package ieee.std_logic_1164
Compiling architecture behavioral of entity xil_defaultlib.d_ff_arst [d_ff_arst_default]
Compiling architecture behavioral of entity xil_defaultlib.tb_d_ff_arst
Built simulation snapshot tb_d_ff_arst_behav

****** Webtalk v2020.2 (64-bit)
  **** SW Build 3064766 on Wed Nov 18 09:12:45 MST 2020
  **** IP Build 3064653 on Wed Nov 18 14:17:31 MST 2020
    ** Copyright 1986-2020 Xilinx, Inc. All Rights Reserved.

source D:/Samo/Skola/VUT_FEKT/Druhy_Rocnik/Druhy_semester/Digitalni_Elektronika/Digital-electronics-1/Labs/07-ffs/07-ffs/07-ffs.sim/sim_1/behav/xsim/xsim.dir/tb_d_ff_arst_behav/webtalk/xsim_webtalk.tcl -notrace
INFO: [Common 17-206] Exiting Webtalk at Tue Apr 13 23:06:11 2021...
run_program: Time (s): cpu = 00:00:01 ; elapsed = 00:00:17 . Memory (MB): peak = 981.973 ; gain = 0.000
INFO: [USF-XSim-69] 'elaborate' step finished in '17' seconds
INFO: [USF-XSim-4] XSim::Simulate design
INFO: [USF-XSim-61] Executing 'SIMULATE' step in 'D:/Samo/Skola/VUT_FEKT/Druhy_Rocnik/Druhy_semester/Digitalni_Elektronika/Digital-electronics-1/Labs/07-ffs/07-ffs/07-ffs.sim/sim_1/behav/xsim'
INFO: [USF-XSim-98] *** Running xsim
   with args "tb_d_ff_arst_behav -key {Behavioral:sim_1:Functional:tb_d_ff_arst} -tclbatch {tb_d_ff_arst.tcl} -view {D:/Samo/Skola/VUT_FEKT/Druhy_Rocnik/Druhy_semester/Digitalni_Elektronika/Digital-electronics-1/Labs/07-ffs/07-ffs/tb_d_latch_behav.wcfg} -log {simulate.log}"
INFO: [USF-XSim-8] Loading simulator feature
Vivado Simulator 2020.2
Time resolution is 1 ps
open_wave_config D:/Samo/Skola/VUT_FEKT/Druhy_Rocnik/Druhy_semester/Digitalni_Elektronika/Digital-electronics-1/Labs/07-ffs/07-ffs/tb_d_latch_behav.wcfg
WARNING: Simulation object /tb_d_latch/s_arst was not found in the design.
WARNING: Simulation object /tb_d_latch/s_en was not found in the design.
WARNING: Simulation object /tb_d_latch/s_d was not found in the design.
WARNING: Simulation object /tb_d_latch/s_q was not found in the design.
WARNING: Simulation object /tb_d_latch/s_q_bar was not found in the design.
source tb_d_ff_arst.tcl
# set curr_wave [current_wave_config]
# if { [string length $curr_wave] == 0 } {
#   if { [llength [get_objects]] > 0} {
#     add_wave /
#     set_property needs_save false [current_wave_config]
#   } else {
#      send_msg_id Add_Wave-1 WARNING "No top level signals found. Simulator will start without a wave window. If you want to open a wave window go to 'File->New Waveform Configuration' or type 'create_wave_config' in the TCL console."
#   }
# }
# run 1000ns
Note: Stimulus process started
Time: 0 ps  Iteration: 0  Process: /tb_d_ff_arst/p_stimulus  File: D:/Samo/Skola/VUT_FEKT/Druhy_Rocnik/Druhy_semester/Digitalni_Elektronika/Digital-electronics-1/Labs/07-ffs/07-ffs/07-ffs.srcs/sim_1/new/tb_d_ff_arst.vhd
Note: Stimulus process finished
Time: 50 ns  Iteration: 0  Process: /tb_d_ff_arst/p_stimulus  File: D:/Samo/Skola/VUT_FEKT/Druhy_Rocnik/Druhy_semester/Digitalni_Elektronika/Digital-electronics-1/Labs/07-ffs/07-ffs/07-ffs.srcs/sim_1/new/tb_d_ff_arst.vhd
INFO: [USF-XSim-96] XSim completed. Design snapshot 'tb_d_ff_arst_behav' loaded.
INFO: [USF-XSim-97] XSim simulation ran for 1000ns
launch_simulation: Time (s): cpu = 00:00:09 ; elapsed = 00:00:29 . Memory (MB): peak = 981.973 ; gain = 0.000
current_wave_config {tb_d_latch_behav.wcfg}
tb_d_latch_behav.wcfg
add_wave {{/tb_d_ff_arst/s_clk}} 
current_wave_config {tb_d_latch_behav.wcfg}
tb_d_latch_behav.wcfg
add_wave {{/tb_d_ff_arst/s_arst}} 
current_wave_config {tb_d_latch_behav.wcfg}
tb_d_latch_behav.wcfg
add_wave {{/tb_d_ff_arst/s_d}} 
current_wave_config {tb_d_latch_behav.wcfg}
tb_d_latch_behav.wcfg
add_wave {{/tb_d_ff_arst/s_q}} 
current_wave_config {tb_d_latch_behav.wcfg}
tb_d_latch_behav.wcfg
add_wave {{/tb_d_ff_arst/s_q_bar}} 
relaunch_sim
suspend_sim: Time (s): cpu = 00:00:00 ; elapsed = 00:00:06 . Memory (MB): peak = 981.973 ; gain = 0.000
Command: launch_simulation -simset sim_1 -mode behavioral
INFO: [Vivado 12-5682] Launching behavioral simulation in 'D:/Samo/Skola/VUT_FEKT/Druhy_Rocnik/Druhy_semester/Digitalni_Elektronika/Digital-electronics-1/Labs/07-ffs/07-ffs/07-ffs.sim/sim_1/behav/xsim'
INFO: [SIM-utils-51] Simulation object is 'sim_1'
INFO: [SIM-utils-54] Inspecting design source files for 'tb_d_ff_arst' in fileset 'sim_1'...
INFO: [USF-XSim-97] Finding global include files...
INFO: [USF-XSim-98] Fetching design files from 'sim_1'...
INFO: [USF-XSim-2] XSim::Compile design
INFO: [USF-XSim-61] Executing 'COMPILE and ANALYZE' step in 'D:/Samo/Skola/VUT_FEKT/Druhy_Rocnik/Druhy_semester/Digitalni_Elektronika/Digital-electronics-1/Labs/07-ffs/07-ffs/07-ffs.sim/sim_1/behav/xsim'
"xvhdl --incr --relax -prj tb_d_ff_arst_vhdl.prj"
INFO: [VRFC 10-163] Analyzing VHDL file "D:/Samo/Skola/VUT_FEKT/Druhy_Rocnik/Druhy_semester/Digitalni_Elektronika/Digital-electronics-1/Labs/07-ffs/07-ffs/07-ffs.srcs/sim_1/new/tb_d_ff_arst.vhd" into library xil_defaultlib
INFO: [VRFC 10-3107] analyzing entity 'tb_d_ff_arst'
INFO: [USF-XSim-69] 'compile' step finished in '1' seconds
Command: launch_simulation -simset sim_1 -mode behavioral
INFO: [Vivado 12-5682] Launching behavioral simulation in 'D:/Samo/Skola/VUT_FEKT/Druhy_Rocnik/Druhy_semester/Digitalni_Elektronika/Digital-electronics-1/Labs/07-ffs/07-ffs/07-ffs.sim/sim_1/behav/xsim'
INFO: [USF-XSim-3] XSim::Elaborate design
INFO: [USF-XSim-61] Executing 'ELABORATE' step in 'D:/Samo/Skola/VUT_FEKT/Druhy_Rocnik/Druhy_semester/Digitalni_Elektronika/Digital-electronics-1/Labs/07-ffs/07-ffs/07-ffs.sim/sim_1/behav/xsim'
"xelab -wto d8fb6337bf584efe96bab8f4a88ff0a2 --incr --debug typical --relax --mt 2 -L xil_defaultlib -L secureip --snapshot tb_d_ff_arst_behav xil_defaultlib.tb_d_ff_arst -log elaborate.log"
Vivado Simulator 2020.2
Copyright 1986-1999, 2001-2020 Xilinx, Inc. All Rights Reserved.
Running: D:/Xilinx/Vivado/2020.2/bin/unwrapped/win64.o/xelab.exe -wto d8fb6337bf584efe96bab8f4a88ff0a2 --incr --debug typical --relax --mt 2 -L xil_defaultlib -L secureip --snapshot tb_d_ff_arst_behav xil_defaultlib.tb_d_ff_arst -log elaborate.log 
Using 2 slave threads.
Starting static elaboration
Completed static elaboration
Starting simulation data flow analysis
Completed simulation data flow analysis
Time Resolution for simulation is 1ps
Compiling package std.standard
Compiling package std.textio
Compiling package ieee.std_logic_1164
Compiling architecture behavioral of entity xil_defaultlib.d_ff_arst [d_ff_arst_default]
Compiling architecture behavioral of entity xil_defaultlib.tb_d_ff_arst
Built simulation snapshot tb_d_ff_arst_behav
INFO: [USF-XSim-69] 'elaborate' step finished in '2' seconds
Vivado Simulator 2020.2
Time resolution is 1 ps
Note: Stimulus process started
Time: 0 ps  Iteration: 0  Process: /tb_d_ff_arst/p_stimulus  File: D:/Samo/Skola/VUT_FEKT/Druhy_Rocnik/Druhy_semester/Digitalni_Elektronika/Digital-electronics-1/Labs/07-ffs/07-ffs/07-ffs.srcs/sim_1/new/tb_d_ff_arst.vhd
Note: Stimulus process finished
Time: 50 ns  Iteration: 0  Process: /tb_d_ff_arst/p_stimulus  File: D:/Samo/Skola/VUT_FEKT/Druhy_Rocnik/Druhy_semester/Digitalni_Elektronika/Digital-electronics-1/Labs/07-ffs/07-ffs/07-ffs.srcs/sim_1/new/tb_d_ff_arst.vhd
relaunch_sim: Time (s): cpu = 00:00:01 ; elapsed = 00:00:11 . Memory (MB): peak = 981.973 ; gain = 0.000
close_sim
INFO: [Simtcl 6-16] Simulation closed
launch_simulation
Command: launch_simulation 
INFO: [Vivado 12-5682] Launching behavioral simulation in 'D:/Samo/Skola/VUT_FEKT/Druhy_Rocnik/Druhy_semester/Digitalni_Elektronika/Digital-electronics-1/Labs/07-ffs/07-ffs/07-ffs.sim/sim_1/behav/xsim'
INFO: [SIM-utils-51] Simulation object is 'sim_1'
INFO: [SIM-utils-54] Inspecting design source files for 'tb_d_ff_arst' in fileset 'sim_1'...
INFO: [USF-XSim-97] Finding global include files...
INFO: [USF-XSim-98] Fetching design files from 'sim_1'...
INFO: [USF-XSim-2] XSim::Compile design
INFO: [USF-XSim-61] Executing 'COMPILE and ANALYZE' step in 'D:/Samo/Skola/VUT_FEKT/Druhy_Rocnik/Druhy_semester/Digitalni_Elektronika/Digital-electronics-1/Labs/07-ffs/07-ffs/07-ffs.sim/sim_1/behav/xsim'
"xvhdl --incr --relax -prj tb_d_ff_arst_vhdl.prj"
INFO: [USF-XSim-69] 'compile' step finished in '2' seconds
INFO: [USF-XSim-3] XSim::Elaborate design
INFO: [USF-XSim-61] Executing 'ELABORATE' step in 'D:/Samo/Skola/VUT_FEKT/Druhy_Rocnik/Druhy_semester/Digitalni_Elektronika/Digital-electronics-1/Labs/07-ffs/07-ffs/07-ffs.sim/sim_1/behav/xsim'
"xelab -wto d8fb6337bf584efe96bab8f4a88ff0a2 --incr --debug typical --relax --mt 2 -L xil_defaultlib -L secureip --snapshot tb_d_ff_arst_behav xil_defaultlib.tb_d_ff_arst -log elaborate.log"
Vivado Simulator 2020.2
Copyright 1986-1999, 2001-2020 Xilinx, Inc. All Rights Reserved.
Running: D:/Xilinx/Vivado/2020.2/bin/unwrapped/win64.o/xelab.exe -wto d8fb6337bf584efe96bab8f4a88ff0a2 --incr --debug typical --relax --mt 2 -L xil_defaultlib -L secureip --snapshot tb_d_ff_arst_behav xil_defaultlib.tb_d_ff_arst -log elaborate.log 
Using 2 slave threads.
Starting static elaboration
Completed static elaboration
INFO: [XSIM 43-4323] No Change in HDL. Linking previously generated obj files to create kernel
INFO: [USF-XSim-69] 'elaborate' step finished in '1' seconds
INFO: [USF-XSim-4] XSim::Simulate design
INFO: [USF-XSim-61] Executing 'SIMULATE' step in 'D:/Samo/Skola/VUT_FEKT/Druhy_Rocnik/Druhy_semester/Digitalni_Elektronika/Digital-electronics-1/Labs/07-ffs/07-ffs/07-ffs.sim/sim_1/behav/xsim'
INFO: [USF-XSim-98] *** Running xsim
   with args "tb_d_ff_arst_behav -key {Behavioral:sim_1:Functional:tb_d_ff_arst} -tclbatch {tb_d_ff_arst.tcl} -view {D:/Samo/Skola/VUT_FEKT/Druhy_Rocnik/Druhy_semester/Digitalni_Elektronika/Digital-electronics-1/Labs/07-ffs/07-ffs/tb_d_latch_behav.wcfg} -log {simulate.log}"
INFO: [USF-XSim-8] Loading simulator feature
Vivado Simulator 2020.2
Time resolution is 1 ps
open_wave_config D:/Samo/Skola/VUT_FEKT/Druhy_Rocnik/Druhy_semester/Digitalni_Elektronika/Digital-electronics-1/Labs/07-ffs/07-ffs/tb_d_latch_behav.wcfg
WARNING: Simulation object /tb_d_latch/s_arst was not found in the design.
WARNING: Simulation object /tb_d_latch/s_en was not found in the design.
WARNING: Simulation object /tb_d_latch/s_d was not found in the design.
WARNING: Simulation object /tb_d_latch/s_q was not found in the design.
WARNING: Simulation object /tb_d_latch/s_q_bar was not found in the design.
source tb_d_ff_arst.tcl
# set curr_wave [current_wave_config]
# if { [string length $curr_wave] == 0 } {
#   if { [llength [get_objects]] > 0} {
#     add_wave /
#     set_property needs_save false [current_wave_config]
#   } else {
#      send_msg_id Add_Wave-1 WARNING "No top level signals found. Simulator will start without a wave window. If you want to open a wave window go to 'File->New Waveform Configuration' or type 'create_wave_config' in the TCL console."
#   }
# }
# run 1000ns
Note: Stimulus process started
Time: 0 ps  Iteration: 0  Process: /tb_d_ff_arst/p_stimulus  File: D:/Samo/Skola/VUT_FEKT/Druhy_Rocnik/Druhy_semester/Digitalni_Elektronika/Digital-electronics-1/Labs/07-ffs/07-ffs/07-ffs.srcs/sim_1/new/tb_d_ff_arst.vhd
Note: Stimulus process finished
Time: 50 ns  Iteration: 0  Process: /tb_d_ff_arst/p_stimulus  File: D:/Samo/Skola/VUT_FEKT/Druhy_Rocnik/Druhy_semester/Digitalni_Elektronika/Digital-electronics-1/Labs/07-ffs/07-ffs/07-ffs.srcs/sim_1/new/tb_d_ff_arst.vhd
INFO: [USF-XSim-96] XSim completed. Design snapshot 'tb_d_ff_arst_behav' loaded.
INFO: [USF-XSim-97] XSim simulation ran for 1000ns
launch_simulation: Time (s): cpu = 00:00:04 ; elapsed = 00:00:06 . Memory (MB): peak = 981.973 ; gain = 0.000
close_sim
INFO: [Simtcl 6-16] Simulation closed
set_property top tb_d_latch [get_filesets sim_1]
set_property top_lib xil_defaultlib [get_filesets sim_1]
update_compile_order -fileset sim_1
launch_simulation
Command: launch_simulation 
INFO: [Vivado 12-5682] Launching behavioral simulation in 'D:/Samo/Skola/VUT_FEKT/Druhy_Rocnik/Druhy_semester/Digitalni_Elektronika/Digital-electronics-1/Labs/07-ffs/07-ffs/07-ffs.sim/sim_1/behav/xsim'
INFO: [SIM-utils-51] Simulation object is 'sim_1'
INFO: [SIM-utils-54] Inspecting design source files for 'tb_d_latch' in fileset 'sim_1'...
INFO: [USF-XSim-97] Finding global include files...
INFO: [USF-XSim-98] Fetching design files from 'sim_1'...
INFO: [USF-XSim-2] XSim::Compile design
INFO: [USF-XSim-61] Executing 'COMPILE and ANALYZE' step in 'D:/Samo/Skola/VUT_FEKT/Druhy_Rocnik/Druhy_semester/Digitalni_Elektronika/Digital-electronics-1/Labs/07-ffs/07-ffs/07-ffs.sim/sim_1/behav/xsim'
"xvhdl --incr --relax -prj tb_d_latch_vhdl.prj"
INFO: [USF-XSim-69] 'compile' step finished in '1' seconds
INFO: [USF-XSim-3] XSim::Elaborate design
INFO: [USF-XSim-61] Executing 'ELABORATE' step in 'D:/Samo/Skola/VUT_FEKT/Druhy_Rocnik/Druhy_semester/Digitalni_Elektronika/Digital-electronics-1/Labs/07-ffs/07-ffs/07-ffs.sim/sim_1/behav/xsim'
"xelab -wto d8fb6337bf584efe96bab8f4a88ff0a2 --incr --debug typical --relax --mt 2 -L xil_defaultlib -L secureip --snapshot tb_d_latch_behav xil_defaultlib.tb_d_latch -log elaborate.log"
Vivado Simulator 2020.2
Copyright 1986-1999, 2001-2020 Xilinx, Inc. All Rights Reserved.
Running: D:/Xilinx/Vivado/2020.2/bin/unwrapped/win64.o/xelab.exe -wto d8fb6337bf584efe96bab8f4a88ff0a2 --incr --debug typical --relax --mt 2 -L xil_defaultlib -L secureip --snapshot tb_d_latch_behav xil_defaultlib.tb_d_latch -log elaborate.log 
Using 2 slave threads.
Starting static elaboration
Completed static elaboration
INFO: [XSIM 43-4323] No Change in HDL. Linking previously generated obj files to create kernel
INFO: [USF-XSim-69] 'elaborate' step finished in '2' seconds
INFO: [USF-XSim-4] XSim::Simulate design
INFO: [USF-XSim-61] Executing 'SIMULATE' step in 'D:/Samo/Skola/VUT_FEKT/Druhy_Rocnik/Druhy_semester/Digitalni_Elektronika/Digital-electronics-1/Labs/07-ffs/07-ffs/07-ffs.sim/sim_1/behav/xsim'
INFO: [USF-XSim-98] *** Running xsim
   with args "tb_d_latch_behav -key {Behavioral:sim_1:Functional:tb_d_latch} -tclbatch {tb_d_latch.tcl} -view {D:/Samo/Skola/VUT_FEKT/Druhy_Rocnik/Druhy_semester/Digitalni_Elektronika/Digital-electronics-1/Labs/07-ffs/07-ffs/tb_d_latch_behav.wcfg} -log {simulate.log}"
INFO: [USF-XSim-8] Loading simulator feature
Vivado Simulator 2020.2
Time resolution is 1 ps
open_wave_config D:/Samo/Skola/VUT_FEKT/Druhy_Rocnik/Druhy_semester/Digitalni_Elektronika/Digital-electronics-1/Labs/07-ffs/07-ffs/tb_d_latch_behav.wcfg
source tb_d_latch.tcl
# set curr_wave [current_wave_config]
# if { [string length $curr_wave] == 0 } {
#   if { [llength [get_objects]] > 0} {
#     add_wave /
#     set_property needs_save false [current_wave_config]
#   } else {
#      send_msg_id Add_Wave-1 WARNING "No top level signals found. Simulator will start without a wave window. If you want to open a wave window go to 'File->New Waveform Configuration' or type 'create_wave_config' in the TCL console."
#   }
# }
# run 1000ns
Note: Stimulus process started
Time: 0 ps  Iteration: 0  Process: /tb_d_latch/p_stimulus  File: D:/Samo/Skola/VUT_FEKT/Druhy_Rocnik/Druhy_semester/Digitalni_Elektronika/Digital-electronics-1/Labs/07-ffs/07-ffs/07-ffs.srcs/sim_1/new/tb_d_latch.vhd
Note: Stimulus process finished
Time: 220 ns  Iteration: 0  Process: /tb_d_latch/p_stimulus  File: D:/Samo/Skola/VUT_FEKT/Druhy_Rocnik/Druhy_semester/Digitalni_Elektronika/Digital-electronics-1/Labs/07-ffs/07-ffs/07-ffs.srcs/sim_1/new/tb_d_latch.vhd
INFO: [USF-XSim-96] XSim completed. Design snapshot 'tb_d_latch_behav' loaded.
INFO: [USF-XSim-97] XSim simulation ran for 1000ns
launch_simulation: Time (s): cpu = 00:00:04 ; elapsed = 00:00:06 . Memory (MB): peak = 981.973 ; gain = 0.000
close_sim
INFO: [Simtcl 6-16] Simulation closed
close_sim: Time (s): cpu = 00:00:03 ; elapsed = 00:00:06 . Memory (MB): peak = 981.973 ; gain = 0.000
set_property top tb_d_ff_arst [get_filesets sim_1]
set_property top_lib xil_defaultlib [get_filesets sim_1]
update_compile_order -fileset sim_1
launch_simulation
Command: launch_simulation 
INFO: [Vivado 12-5682] Launching behavioral simulation in 'D:/Samo/Skola/VUT_FEKT/Druhy_Rocnik/Druhy_semester/Digitalni_Elektronika/Digital-electronics-1/Labs/07-ffs/07-ffs/07-ffs.sim/sim_1/behav/xsim'
INFO: [SIM-utils-51] Simulation object is 'sim_1'
INFO: [SIM-utils-54] Inspecting design source files for 'tb_d_ff_arst' in fileset 'sim_1'...
INFO: [USF-XSim-97] Finding global include files...
INFO: [USF-XSim-98] Fetching design files from 'sim_1'...
INFO: [USF-XSim-2] XSim::Compile design
INFO: [USF-XSim-61] Executing 'COMPILE and ANALYZE' step in 'D:/Samo/Skola/VUT_FEKT/Druhy_Rocnik/Druhy_semester/Digitalni_Elektronika/Digital-electronics-1/Labs/07-ffs/07-ffs/07-ffs.sim/sim_1/behav/xsim'
"xvhdl --incr --relax -prj tb_d_ff_arst_vhdl.prj"
INFO: [USF-XSim-69] 'compile' step finished in '1' seconds
INFO: [USF-XSim-3] XSim::Elaborate design
INFO: [USF-XSim-61] Executing 'ELABORATE' step in 'D:/Samo/Skola/VUT_FEKT/Druhy_Rocnik/Druhy_semester/Digitalni_Elektronika/Digital-electronics-1/Labs/07-ffs/07-ffs/07-ffs.sim/sim_1/behav/xsim'
"xelab -wto d8fb6337bf584efe96bab8f4a88ff0a2 --incr --debug typical --relax --mt 2 -L xil_defaultlib -L secureip --snapshot tb_d_ff_arst_behav xil_defaultlib.tb_d_ff_arst -log elaborate.log"
Vivado Simulator 2020.2
Copyright 1986-1999, 2001-2020 Xilinx, Inc. All Rights Reserved.
Running: D:/Xilinx/Vivado/2020.2/bin/unwrapped/win64.o/xelab.exe -wto d8fb6337bf584efe96bab8f4a88ff0a2 --incr --debug typical --relax --mt 2 -L xil_defaultlib -L secureip --snapshot tb_d_ff_arst_behav xil_defaultlib.tb_d_ff_arst -log elaborate.log 
Using 2 slave threads.
Starting static elaboration
Completed static elaboration
INFO: [XSIM 43-4323] No Change in HDL. Linking previously generated obj files to create kernel
INFO: [USF-XSim-69] 'elaborate' step finished in '2' seconds
INFO: [USF-XSim-4] XSim::Simulate design
INFO: [USF-XSim-61] Executing 'SIMULATE' step in 'D:/Samo/Skola/VUT_FEKT/Druhy_Rocnik/Druhy_semester/Digitalni_Elektronika/Digital-electronics-1/Labs/07-ffs/07-ffs/07-ffs.sim/sim_1/behav/xsim'
INFO: [USF-XSim-98] *** Running xsim
   with args "tb_d_ff_arst_behav -key {Behavioral:sim_1:Functional:tb_d_ff_arst} -tclbatch {tb_d_ff_arst.tcl} -view {D:/Samo/Skola/VUT_FEKT/Druhy_Rocnik/Druhy_semester/Digitalni_Elektronika/Digital-electronics-1/Labs/07-ffs/07-ffs/tb_d_latch_behav.wcfg} -log {simulate.log}"
INFO: [USF-XSim-8] Loading simulator feature
Vivado Simulator 2020.2
Time resolution is 1 ps
open_wave_config D:/Samo/Skola/VUT_FEKT/Druhy_Rocnik/Druhy_semester/Digitalni_Elektronika/Digital-electronics-1/Labs/07-ffs/07-ffs/tb_d_latch_behav.wcfg
WARNING: Simulation object /tb_d_latch/s_arst was not found in the design.
WARNING: Simulation object /tb_d_latch/s_en was not found in the design.
WARNING: Simulation object /tb_d_latch/s_d was not found in the design.
WARNING: Simulation object /tb_d_latch/s_q was not found in the design.
WARNING: Simulation object /tb_d_latch/s_q_bar was not found in the design.
source tb_d_ff_arst.tcl
# set curr_wave [current_wave_config]
# if { [string length $curr_wave] == 0 } {
#   if { [llength [get_objects]] > 0} {
#     add_wave /
#     set_property needs_save false [current_wave_config]
#   } else {
#      send_msg_id Add_Wave-1 WARNING "No top level signals found. Simulator will start without a wave window. If you want to open a wave window go to 'File->New Waveform Configuration' or type 'create_wave_config' in the TCL console."
#   }
# }
# run 1000ns
Note: Stimulus process started
Time: 0 ps  Iteration: 0  Process: /tb_d_ff_arst/p_stimulus  File: D:/Samo/Skola/VUT_FEKT/Druhy_Rocnik/Druhy_semester/Digitalni_Elektronika/Digital-electronics-1/Labs/07-ffs/07-ffs/07-ffs.srcs/sim_1/new/tb_d_ff_arst.vhd
Note: Stimulus process finished
Time: 50 ns  Iteration: 0  Process: /tb_d_ff_arst/p_stimulus  File: D:/Samo/Skola/VUT_FEKT/Druhy_Rocnik/Druhy_semester/Digitalni_Elektronika/Digital-electronics-1/Labs/07-ffs/07-ffs/07-ffs.srcs/sim_1/new/tb_d_ff_arst.vhd
INFO: [USF-XSim-96] XSim completed. Design snapshot 'tb_d_ff_arst_behav' loaded.
INFO: [USF-XSim-97] XSim simulation ran for 1000ns
launch_simulation: Time (s): cpu = 00:00:02 ; elapsed = 00:00:06 . Memory (MB): peak = 981.973 ; gain = 0.000
close_sim
INFO: [Simtcl 6-16] Simulation closed
set_property is_enabled false [get_files  D:/Samo/Skola/VUT_FEKT/Druhy_Rocnik/Druhy_semester/Digitalni_Elektronika/Digital-electronics-1/Labs/07-ffs/07-ffs/07-ffs.srcs/sim_1/new/tb_d_latch.vhd]
launch_simulation
Command: launch_simulation 
INFO: [Vivado 12-5682] Launching behavioral simulation in 'D:/Samo/Skola/VUT_FEKT/Druhy_Rocnik/Druhy_semester/Digitalni_Elektronika/Digital-electronics-1/Labs/07-ffs/07-ffs/07-ffs.sim/sim_1/behav/xsim'
INFO: [SIM-utils-51] Simulation object is 'sim_1'
INFO: [SIM-utils-54] Inspecting design source files for 'tb_d_ff_arst' in fileset 'sim_1'...
INFO: [USF-XSim-97] Finding global include files...
INFO: [USF-XSim-98] Fetching design files from 'sim_1'...
INFO: [USF-XSim-2] XSim::Compile design
INFO: [USF-XSim-61] Executing 'COMPILE and ANALYZE' step in 'D:/Samo/Skola/VUT_FEKT/Druhy_Rocnik/Druhy_semester/Digitalni_Elektronika/Digital-electronics-1/Labs/07-ffs/07-ffs/07-ffs.sim/sim_1/behav/xsim'
"xvhdl --incr --relax -prj tb_d_ff_arst_vhdl.prj"
INFO: [USF-XSim-69] 'compile' step finished in '1' seconds
INFO: [USF-XSim-3] XSim::Elaborate design
INFO: [USF-XSim-61] Executing 'ELABORATE' step in 'D:/Samo/Skola/VUT_FEKT/Druhy_Rocnik/Druhy_semester/Digitalni_Elektronika/Digital-electronics-1/Labs/07-ffs/07-ffs/07-ffs.sim/sim_1/behav/xsim'
"xelab -wto d8fb6337bf584efe96bab8f4a88ff0a2 --incr --debug typical --relax --mt 2 -L xil_defaultlib -L secureip --snapshot tb_d_ff_arst_behav xil_defaultlib.tb_d_ff_arst -log elaborate.log"
Vivado Simulator 2020.2
Copyright 1986-1999, 2001-2020 Xilinx, Inc. All Rights Reserved.
Running: D:/Xilinx/Vivado/2020.2/bin/unwrapped/win64.o/xelab.exe -wto d8fb6337bf584efe96bab8f4a88ff0a2 --incr --debug typical --relax --mt 2 -L xil_defaultlib -L secureip --snapshot tb_d_ff_arst_behav xil_defaultlib.tb_d_ff_arst -log elaborate.log 
Using 2 slave threads.
Starting static elaboration
Completed static elaboration
INFO: [XSIM 43-4323] No Change in HDL. Linking previously generated obj files to create kernel
INFO: [USF-XSim-69] 'elaborate' step finished in '2' seconds
INFO: [USF-XSim-4] XSim::Simulate design
INFO: [USF-XSim-61] Executing 'SIMULATE' step in 'D:/Samo/Skola/VUT_FEKT/Druhy_Rocnik/Druhy_semester/Digitalni_Elektronika/Digital-electronics-1/Labs/07-ffs/07-ffs/07-ffs.sim/sim_1/behav/xsim'
INFO: [USF-XSim-98] *** Running xsim
   with args "tb_d_ff_arst_behav -key {Behavioral:sim_1:Functional:tb_d_ff_arst} -tclbatch {tb_d_ff_arst.tcl} -view {D:/Samo/Skola/VUT_FEKT/Druhy_Rocnik/Druhy_semester/Digitalni_Elektronika/Digital-electronics-1/Labs/07-ffs/07-ffs/tb_d_latch_behav.wcfg} -log {simulate.log}"
INFO: [USF-XSim-8] Loading simulator feature
Vivado Simulator 2020.2
Time resolution is 1 ps
open_wave_config D:/Samo/Skola/VUT_FEKT/Druhy_Rocnik/Druhy_semester/Digitalni_Elektronika/Digital-electronics-1/Labs/07-ffs/07-ffs/tb_d_latch_behav.wcfg
WARNING: Simulation object /tb_d_latch/s_arst was not found in the design.
WARNING: Simulation object /tb_d_latch/s_en was not found in the design.
WARNING: Simulation object /tb_d_latch/s_d was not found in the design.
WARNING: Simulation object /tb_d_latch/s_q was not found in the design.
WARNING: Simulation object /tb_d_latch/s_q_bar was not found in the design.
source tb_d_ff_arst.tcl
# set curr_wave [current_wave_config]
# if { [string length $curr_wave] == 0 } {
#   if { [llength [get_objects]] > 0} {
#     add_wave /
#     set_property needs_save false [current_wave_config]
#   } else {
#      send_msg_id Add_Wave-1 WARNING "No top level signals found. Simulator will start without a wave window. If you want to open a wave window go to 'File->New Waveform Configuration' or type 'create_wave_config' in the TCL console."
#   }
# }
# run 1000ns
Note: Stimulus process started
Time: 0 ps  Iteration: 0  Process: /tb_d_ff_arst/p_stimulus  File: D:/Samo/Skola/VUT_FEKT/Druhy_Rocnik/Druhy_semester/Digitalni_Elektronika/Digital-electronics-1/Labs/07-ffs/07-ffs/07-ffs.srcs/sim_1/new/tb_d_ff_arst.vhd
Note: Stimulus process finished
Time: 50 ns  Iteration: 0  Process: /tb_d_ff_arst/p_stimulus  File: D:/Samo/Skola/VUT_FEKT/Druhy_Rocnik/Druhy_semester/Digitalni_Elektronika/Digital-electronics-1/Labs/07-ffs/07-ffs/07-ffs.srcs/sim_1/new/tb_d_ff_arst.vhd
INFO: [USF-XSim-96] XSim completed. Design snapshot 'tb_d_ff_arst_behav' loaded.
INFO: [USF-XSim-97] XSim simulation ran for 1000ns
launch_simulation: Time (s): cpu = 00:00:04 ; elapsed = 00:00:05 . Memory (MB): peak = 981.973 ; gain = 0.000
close_sim
INFO: [Simtcl 6-16] Simulation closed
set_property is_enabled false [get_files  D:/Samo/Skola/VUT_FEKT/Druhy_Rocnik/Druhy_semester/Digitalni_Elektronika/Digital-electronics-1/Labs/07-ffs/07-ffs/07-ffs.srcs/sources_1/new/d_latch.vhd]
launch_simulation
Command: launch_simulation 
INFO: [Vivado 12-5682] Launching behavioral simulation in 'D:/Samo/Skola/VUT_FEKT/Druhy_Rocnik/Druhy_semester/Digitalni_Elektronika/Digital-electronics-1/Labs/07-ffs/07-ffs/07-ffs.sim/sim_1/behav/xsim'
INFO: [SIM-utils-51] Simulation object is 'sim_1'
INFO: [SIM-utils-54] Inspecting design source files for 'tb_d_ff_arst' in fileset 'sim_1'...
INFO: [USF-XSim-97] Finding global include files...
INFO: [USF-XSim-98] Fetching design files from 'sim_1'...
INFO: [USF-XSim-2] XSim::Compile design
INFO: [USF-XSim-61] Executing 'COMPILE and ANALYZE' step in 'D:/Samo/Skola/VUT_FEKT/Druhy_Rocnik/Druhy_semester/Digitalni_Elektronika/Digital-electronics-1/Labs/07-ffs/07-ffs/07-ffs.sim/sim_1/behav/xsim'
"xvhdl --incr --relax -prj tb_d_ff_arst_vhdl.prj"
INFO: [USF-XSim-69] 'compile' step finished in '2' seconds
INFO: [USF-XSim-3] XSim::Elaborate design
INFO: [USF-XSim-61] Executing 'ELABORATE' step in 'D:/Samo/Skola/VUT_FEKT/Druhy_Rocnik/Druhy_semester/Digitalni_Elektronika/Digital-electronics-1/Labs/07-ffs/07-ffs/07-ffs.sim/sim_1/behav/xsim'
"xelab -wto d8fb6337bf584efe96bab8f4a88ff0a2 --incr --debug typical --relax --mt 2 -L xil_defaultlib -L secureip --snapshot tb_d_ff_arst_behav xil_defaultlib.tb_d_ff_arst -log elaborate.log"
Vivado Simulator 2020.2
Copyright 1986-1999, 2001-2020 Xilinx, Inc. All Rights Reserved.
Running: D:/Xilinx/Vivado/2020.2/bin/unwrapped/win64.o/xelab.exe -wto d8fb6337bf584efe96bab8f4a88ff0a2 --incr --debug typical --relax --mt 2 -L xil_defaultlib -L secureip --snapshot tb_d_ff_arst_behav xil_defaultlib.tb_d_ff_arst -log elaborate.log 
Using 2 slave threads.
Starting static elaboration
Completed static elaboration
INFO: [XSIM 43-4323] No Change in HDL. Linking previously generated obj files to create kernel
INFO: [USF-XSim-69] 'elaborate' step finished in '1' seconds
INFO: [USF-XSim-4] XSim::Simulate design
INFO: [USF-XSim-61] Executing 'SIMULATE' step in 'D:/Samo/Skola/VUT_FEKT/Druhy_Rocnik/Druhy_semester/Digitalni_Elektronika/Digital-electronics-1/Labs/07-ffs/07-ffs/07-ffs.sim/sim_1/behav/xsim'
INFO: [USF-XSim-98] *** Running xsim
   with args "tb_d_ff_arst_behav -key {Behavioral:sim_1:Functional:tb_d_ff_arst} -tclbatch {tb_d_ff_arst.tcl} -view {D:/Samo/Skola/VUT_FEKT/Druhy_Rocnik/Druhy_semester/Digitalni_Elektronika/Digital-electronics-1/Labs/07-ffs/07-ffs/tb_d_latch_behav.wcfg} -log {simulate.log}"
INFO: [USF-XSim-8] Loading simulator feature
Vivado Simulator 2020.2
Time resolution is 1 ps
open_wave_config D:/Samo/Skola/VUT_FEKT/Druhy_Rocnik/Druhy_semester/Digitalni_Elektronika/Digital-electronics-1/Labs/07-ffs/07-ffs/tb_d_latch_behav.wcfg
WARNING: Simulation object /tb_d_latch/s_arst was not found in the design.
WARNING: Simulation object /tb_d_latch/s_en was not found in the design.
WARNING: Simulation object /tb_d_latch/s_d was not found in the design.
WARNING: Simulation object /tb_d_latch/s_q was not found in the design.
WARNING: Simulation object /tb_d_latch/s_q_bar was not found in the design.
source tb_d_ff_arst.tcl
# set curr_wave [current_wave_config]
# if { [string length $curr_wave] == 0 } {
#   if { [llength [get_objects]] > 0} {
#     add_wave /
#     set_property needs_save false [current_wave_config]
#   } else {
#      send_msg_id Add_Wave-1 WARNING "No top level signals found. Simulator will start without a wave window. If you want to open a wave window go to 'File->New Waveform Configuration' or type 'create_wave_config' in the TCL console."
#   }
# }
# run 1000ns
Note: Stimulus process started
Time: 0 ps  Iteration: 0  Process: /tb_d_ff_arst/p_stimulus  File: D:/Samo/Skola/VUT_FEKT/Druhy_Rocnik/Druhy_semester/Digitalni_Elektronika/Digital-electronics-1/Labs/07-ffs/07-ffs/07-ffs.srcs/sim_1/new/tb_d_ff_arst.vhd
Note: Stimulus process finished
Time: 50 ns  Iteration: 0  Process: /tb_d_ff_arst/p_stimulus  File: D:/Samo/Skola/VUT_FEKT/Druhy_Rocnik/Druhy_semester/Digitalni_Elektronika/Digital-electronics-1/Labs/07-ffs/07-ffs/07-ffs.srcs/sim_1/new/tb_d_ff_arst.vhd
INFO: [USF-XSim-96] XSim completed. Design snapshot 'tb_d_ff_arst_behav' loaded.
INFO: [USF-XSim-97] XSim simulation ran for 1000ns
launch_simulation: Time (s): cpu = 00:00:04 ; elapsed = 00:00:06 . Memory (MB): peak = 981.973 ; gain = 0.000
close_sim
INFO: [Simtcl 6-16] Simulation closed
set_property is_enabled true [get_files  D:/Samo/Skola/VUT_FEKT/Druhy_Rocnik/Druhy_semester/Digitalni_Elektronika/Digital-electronics-1/Labs/07-ffs/07-ffs/07-ffs.srcs/sources_1/new/d_latch.vhd]
set_property is_enabled true [get_files  D:/Samo/Skola/VUT_FEKT/Druhy_Rocnik/Druhy_semester/Digitalni_Elektronika/Digital-electronics-1/Labs/07-ffs/07-ffs/07-ffs.srcs/sim_1/new/tb_d_latch.vhd]
update_compile_order -fileset sources_1
update_compile_order -fileset sim_1
export_ip_user_files -of_objects  [get_files D:/Samo/Skola/VUT_FEKT/Druhy_Rocnik/Druhy_semester/Digitalni_Elektronika/Digital-electronics-1/Labs/07-ffs/07-ffs/tb_d_latch_behav.wcfg] -no_script -reset -force -quiet
remove_files  -fileset sim_1 D:/Samo/Skola/VUT_FEKT/Druhy_Rocnik/Druhy_semester/Digitalni_Elektronika/Digital-electronics-1/Labs/07-ffs/07-ffs/tb_d_latch_behav.wcfg
launch_simulation
Command: launch_simulation 
INFO: [Vivado 12-5682] Launching behavioral simulation in 'D:/Samo/Skola/VUT_FEKT/Druhy_Rocnik/Druhy_semester/Digitalni_Elektronika/Digital-electronics-1/Labs/07-ffs/07-ffs/07-ffs.sim/sim_1/behav/xsim'
INFO: [SIM-utils-51] Simulation object is 'sim_1'
INFO: [SIM-utils-54] Inspecting design source files for 'tb_d_ff_arst' in fileset 'sim_1'...
INFO: [USF-XSim-97] Finding global include files...
INFO: [USF-XSim-98] Fetching design files from 'sim_1'...
INFO: [USF-XSim-2] XSim::Compile design
INFO: [USF-XSim-61] Executing 'COMPILE and ANALYZE' step in 'D:/Samo/Skola/VUT_FEKT/Druhy_Rocnik/Druhy_semester/Digitalni_Elektronika/Digital-electronics-1/Labs/07-ffs/07-ffs/07-ffs.sim/sim_1/behav/xsim'
"xvhdl --incr --relax -prj tb_d_ff_arst_vhdl.prj"
INFO: [USF-XSim-69] 'compile' step finished in '2' seconds
INFO: [USF-XSim-3] XSim::Elaborate design
INFO: [USF-XSim-61] Executing 'ELABORATE' step in 'D:/Samo/Skola/VUT_FEKT/Druhy_Rocnik/Druhy_semester/Digitalni_Elektronika/Digital-electronics-1/Labs/07-ffs/07-ffs/07-ffs.sim/sim_1/behav/xsim'
"xelab -wto d8fb6337bf584efe96bab8f4a88ff0a2 --incr --debug typical --relax --mt 2 -L xil_defaultlib -L secureip --snapshot tb_d_ff_arst_behav xil_defaultlib.tb_d_ff_arst -log elaborate.log"
Vivado Simulator 2020.2
Copyright 1986-1999, 2001-2020 Xilinx, Inc. All Rights Reserved.
Running: D:/Xilinx/Vivado/2020.2/bin/unwrapped/win64.o/xelab.exe -wto d8fb6337bf584efe96bab8f4a88ff0a2 --incr --debug typical --relax --mt 2 -L xil_defaultlib -L secureip --snapshot tb_d_ff_arst_behav xil_defaultlib.tb_d_ff_arst -log elaborate.log 
Using 2 slave threads.
Starting static elaboration
Completed static elaboration
INFO: [XSIM 43-4323] No Change in HDL. Linking previously generated obj files to create kernel
INFO: [USF-XSim-69] 'elaborate' step finished in '1' seconds
INFO: [USF-XSim-4] XSim::Simulate design
INFO: [USF-XSim-61] Executing 'SIMULATE' step in 'D:/Samo/Skola/VUT_FEKT/Druhy_Rocnik/Druhy_semester/Digitalni_Elektronika/Digital-electronics-1/Labs/07-ffs/07-ffs/07-ffs.sim/sim_1/behav/xsim'
INFO: [USF-XSim-98] *** Running xsim
   with args "tb_d_ff_arst_behav -key {Behavioral:sim_1:Functional:tb_d_ff_arst} -tclbatch {tb_d_ff_arst.tcl} -log {simulate.log}"
INFO: [USF-XSim-8] Loading simulator feature
Vivado Simulator 2020.2
Time resolution is 1 ps
source tb_d_ff_arst.tcl
# set curr_wave [current_wave_config]
# if { [string length $curr_wave] == 0 } {
#   if { [llength [get_objects]] > 0} {
#     add_wave /
#     set_property needs_save false [current_wave_config]
#   } else {
#      send_msg_id Add_Wave-1 WARNING "No top level signals found. Simulator will start without a wave window. If you want to open a wave window go to 'File->New Waveform Configuration' or type 'create_wave_config' in the TCL console."
#   }
# }
# run 1000ns
Note: Stimulus process started
Time: 0 ps  Iteration: 0  Process: /tb_d_ff_arst/p_stimulus  File: D:/Samo/Skola/VUT_FEKT/Druhy_Rocnik/Druhy_semester/Digitalni_Elektronika/Digital-electronics-1/Labs/07-ffs/07-ffs/07-ffs.srcs/sim_1/new/tb_d_ff_arst.vhd
Note: Stimulus process finished
Time: 50 ns  Iteration: 0  Process: /tb_d_ff_arst/p_stimulus  File: D:/Samo/Skola/VUT_FEKT/Druhy_Rocnik/Druhy_semester/Digitalni_Elektronika/Digital-electronics-1/Labs/07-ffs/07-ffs/07-ffs.srcs/sim_1/new/tb_d_ff_arst.vhd
INFO: [USF-XSim-96] XSim completed. Design snapshot 'tb_d_ff_arst_behav' loaded.
INFO: [USF-XSim-97] XSim simulation ran for 1000ns
launch_simulation: Time (s): cpu = 00:00:04 ; elapsed = 00:00:06 . Memory (MB): peak = 981.973 ; gain = 0.000
close_sim
INFO: [Simtcl 6-16] Simulation closed
launch_simulation
Command: launch_simulation 
INFO: [Vivado 12-5682] Launching behavioral simulation in 'D:/Samo/Skola/VUT_FEKT/Druhy_Rocnik/Druhy_semester/Digitalni_Elektronika/Digital-electronics-1/Labs/07-ffs/07-ffs/07-ffs.sim/sim_1/behav/xsim'
INFO: [SIM-utils-51] Simulation object is 'sim_1'
INFO: [SIM-utils-54] Inspecting design source files for 'tb_d_ff_arst' in fileset 'sim_1'...
INFO: [USF-XSim-97] Finding global include files...
INFO: [USF-XSim-98] Fetching design files from 'sim_1'...
INFO: [USF-XSim-2] XSim::Compile design
INFO: [USF-XSim-61] Executing 'COMPILE and ANALYZE' step in 'D:/Samo/Skola/VUT_FEKT/Druhy_Rocnik/Druhy_semester/Digitalni_Elektronika/Digital-electronics-1/Labs/07-ffs/07-ffs/07-ffs.sim/sim_1/behav/xsim'
"xvhdl --incr --relax -prj tb_d_ff_arst_vhdl.prj"
INFO: [VRFC 10-163] Analyzing VHDL file "D:/Samo/Skola/VUT_FEKT/Druhy_Rocnik/Druhy_semester/Digitalni_Elektronika/Digital-electronics-1/Labs/07-ffs/07-ffs/07-ffs.srcs/sim_1/new/tb_d_ff_arst.vhd" into library xil_defaultlib
INFO: [VRFC 10-3107] analyzing entity 'tb_d_ff_arst'
INFO: [USF-XSim-69] 'compile' step finished in '2' seconds
INFO: [USF-XSim-3] XSim::Elaborate design
INFO: [USF-XSim-61] Executing 'ELABORATE' step in 'D:/Samo/Skola/VUT_FEKT/Druhy_Rocnik/Druhy_semester/Digitalni_Elektronika/Digital-electronics-1/Labs/07-ffs/07-ffs/07-ffs.sim/sim_1/behav/xsim'
"xelab -wto d8fb6337bf584efe96bab8f4a88ff0a2 --incr --debug typical --relax --mt 2 -L xil_defaultlib -L secureip --snapshot tb_d_ff_arst_behav xil_defaultlib.tb_d_ff_arst -log elaborate.log"
Vivado Simulator 2020.2
Copyright 1986-1999, 2001-2020 Xilinx, Inc. All Rights Reserved.
Running: D:/Xilinx/Vivado/2020.2/bin/unwrapped/win64.o/xelab.exe -wto d8fb6337bf584efe96bab8f4a88ff0a2 --incr --debug typical --relax --mt 2 -L xil_defaultlib -L secureip --snapshot tb_d_ff_arst_behav xil_defaultlib.tb_d_ff_arst -log elaborate.log 
Using 2 slave threads.
Starting static elaboration
Completed static elaboration
Starting simulation data flow analysis
Completed simulation data flow analysis
Time Resolution for simulation is 1ps
Compiling package std.standard
Compiling package std.textio
Compiling package ieee.std_logic_1164
Compiling architecture behavioral of entity xil_defaultlib.d_ff_arst [d_ff_arst_default]
Compiling architecture behavioral of entity xil_defaultlib.tb_d_ff_arst
Built simulation snapshot tb_d_ff_arst_behav
INFO: [USF-XSim-69] 'elaborate' step finished in '2' seconds
INFO: [USF-XSim-4] XSim::Simulate design
INFO: [USF-XSim-61] Executing 'SIMULATE' step in 'D:/Samo/Skola/VUT_FEKT/Druhy_Rocnik/Druhy_semester/Digitalni_Elektronika/Digital-electronics-1/Labs/07-ffs/07-ffs/07-ffs.sim/sim_1/behav/xsim'
INFO: [USF-XSim-98] *** Running xsim
   with args "tb_d_ff_arst_behav -key {Behavioral:sim_1:Functional:tb_d_ff_arst} -tclbatch {tb_d_ff_arst.tcl} -log {simulate.log}"
INFO: [USF-XSim-8] Loading simulator feature
Vivado Simulator 2020.2
Time resolution is 1 ps
source tb_d_ff_arst.tcl
# set curr_wave [current_wave_config]
# if { [string length $curr_wave] == 0 } {
#   if { [llength [get_objects]] > 0} {
#     add_wave /
#     set_property needs_save false [current_wave_config]
#   } else {
#      send_msg_id Add_Wave-1 WARNING "No top level signals found. Simulator will start without a wave window. If you want to open a wave window go to 'File->New Waveform Configuration' or type 'create_wave_config' in the TCL console."
#   }
# }
# run 1000ns
Note: Stimulus process started
Time: 0 ps  Iteration: 0  Process: /tb_d_ff_arst/p_stimulus  File: D:/Samo/Skola/VUT_FEKT/Druhy_Rocnik/Druhy_semester/Digitalni_Elektronika/Digital-electronics-1/Labs/07-ffs/07-ffs/07-ffs.srcs/sim_1/new/tb_d_ff_arst.vhd
Note: Stimulus process finished
Time: 53 ns  Iteration: 0  Process: /tb_d_ff_arst/p_stimulus  File: D:/Samo/Skola/VUT_FEKT/Druhy_Rocnik/Druhy_semester/Digitalni_Elektronika/Digital-electronics-1/Labs/07-ffs/07-ffs/07-ffs.srcs/sim_1/new/tb_d_ff_arst.vhd
INFO: [USF-XSim-96] XSim completed. Design snapshot 'tb_d_ff_arst_behav' loaded.
INFO: [USF-XSim-97] XSim simulation ran for 1000ns
launch_simulation: Time (s): cpu = 00:00:03 ; elapsed = 00:00:06 . Memory (MB): peak = 1025.277 ; gain = 0.000
relaunch_sim
Command: launch_simulation -simset sim_1 -mode behavioral
INFO: [Vivado 12-5682] Launching behavioral simulation in 'D:/Samo/Skola/VUT_FEKT/Druhy_Rocnik/Druhy_semester/Digitalni_Elektronika/Digital-electronics-1/Labs/07-ffs/07-ffs/07-ffs.sim/sim_1/behav/xsim'
INFO: [SIM-utils-51] Simulation object is 'sim_1'
INFO: [SIM-utils-54] Inspecting design source files for 'tb_d_ff_arst' in fileset 'sim_1'...
INFO: [USF-XSim-97] Finding global include files...
INFO: [USF-XSim-98] Fetching design files from 'sim_1'...
INFO: [USF-XSim-2] XSim::Compile design
INFO: [USF-XSim-61] Executing 'COMPILE and ANALYZE' step in 'D:/Samo/Skola/VUT_FEKT/Druhy_Rocnik/Druhy_semester/Digitalni_Elektronika/Digital-electronics-1/Labs/07-ffs/07-ffs/07-ffs.sim/sim_1/behav/xsim'
"xvhdl --incr --relax -prj tb_d_ff_arst_vhdl.prj"
INFO: [VRFC 10-163] Analyzing VHDL file "D:/Samo/Skola/VUT_FEKT/Druhy_Rocnik/Druhy_semester/Digitalni_Elektronika/Digital-electronics-1/Labs/07-ffs/07-ffs/07-ffs.srcs/sim_1/new/tb_d_ff_arst.vhd" into library xil_defaultlib
INFO: [VRFC 10-3107] analyzing entity 'tb_d_ff_arst'
INFO: [USF-XSim-69] 'compile' step finished in '1' seconds
Command: launch_simulation -simset sim_1 -mode behavioral
INFO: [Vivado 12-5682] Launching behavioral simulation in 'D:/Samo/Skola/VUT_FEKT/Druhy_Rocnik/Druhy_semester/Digitalni_Elektronika/Digital-electronics-1/Labs/07-ffs/07-ffs/07-ffs.sim/sim_1/behav/xsim'
INFO: [USF-XSim-3] XSim::Elaborate design
INFO: [USF-XSim-61] Executing 'ELABORATE' step in 'D:/Samo/Skola/VUT_FEKT/Druhy_Rocnik/Druhy_semester/Digitalni_Elektronika/Digital-electronics-1/Labs/07-ffs/07-ffs/07-ffs.sim/sim_1/behav/xsim'
"xelab -wto d8fb6337bf584efe96bab8f4a88ff0a2 --incr --debug typical --relax --mt 2 -L xil_defaultlib -L secureip --snapshot tb_d_ff_arst_behav xil_defaultlib.tb_d_ff_arst -log elaborate.log"
Vivado Simulator 2020.2
Copyright 1986-1999, 2001-2020 Xilinx, Inc. All Rights Reserved.
Running: D:/Xilinx/Vivado/2020.2/bin/unwrapped/win64.o/xelab.exe -wto d8fb6337bf584efe96bab8f4a88ff0a2 --incr --debug typical --relax --mt 2 -L xil_defaultlib -L secureip --snapshot tb_d_ff_arst_behav xil_defaultlib.tb_d_ff_arst -log elaborate.log 
Using 2 slave threads.
Starting static elaboration
Completed static elaboration
Starting simulation data flow analysis
Completed simulation data flow analysis
Time Resolution for simulation is 1ps
Compiling package std.standard
Compiling package std.textio
Compiling package ieee.std_logic_1164
Compiling architecture behavioral of entity xil_defaultlib.d_ff_arst [d_ff_arst_default]
Compiling architecture behavioral of entity xil_defaultlib.tb_d_ff_arst
Built simulation snapshot tb_d_ff_arst_behav
INFO: [USF-XSim-69] 'elaborate' step finished in '2' seconds
Vivado Simulator 2020.2
Time resolution is 1 ps
Note: Stimulus process started
Time: 0 ps  Iteration: 0  Process: /tb_d_ff_arst/p_stimulus  File: D:/Samo/Skola/VUT_FEKT/Druhy_Rocnik/Druhy_semester/Digitalni_Elektronika/Digital-electronics-1/Labs/07-ffs/07-ffs/07-ffs.srcs/sim_1/new/tb_d_ff_arst.vhd
Note: Stimulus process finished
Time: 53 ns  Iteration: 0  Process: /tb_d_ff_arst/p_stimulus  File: D:/Samo/Skola/VUT_FEKT/Druhy_Rocnik/Druhy_semester/Digitalni_Elektronika/Digital-electronics-1/Labs/07-ffs/07-ffs/07-ffs.srcs/sim_1/new/tb_d_ff_arst.vhd
relaunch_sim: Time (s): cpu = 00:00:02 ; elapsed = 00:00:07 . Memory (MB): peak = 1025.277 ; gain = 0.000
relaunch_sim
Command: launch_simulation -simset sim_1 -mode behavioral
INFO: [Vivado 12-5682] Launching behavioral simulation in 'D:/Samo/Skola/VUT_FEKT/Druhy_Rocnik/Druhy_semester/Digitalni_Elektronika/Digital-electronics-1/Labs/07-ffs/07-ffs/07-ffs.sim/sim_1/behav/xsim'
INFO: [SIM-utils-51] Simulation object is 'sim_1'
INFO: [SIM-utils-54] Inspecting design source files for 'tb_d_ff_arst' in fileset 'sim_1'...
INFO: [USF-XSim-97] Finding global include files...
INFO: [USF-XSim-98] Fetching design files from 'sim_1'...
INFO: [USF-XSim-2] XSim::Compile design
INFO: [USF-XSim-61] Executing 'COMPILE and ANALYZE' step in 'D:/Samo/Skola/VUT_FEKT/Druhy_Rocnik/Druhy_semester/Digitalni_Elektronika/Digital-electronics-1/Labs/07-ffs/07-ffs/07-ffs.sim/sim_1/behav/xsim'
"xvhdl --incr --relax -prj tb_d_ff_arst_vhdl.prj"
INFO: [USF-XSim-69] 'compile' step finished in '2' seconds
Command: launch_simulation -simset sim_1 -mode behavioral
INFO: [Vivado 12-5682] Launching behavioral simulation in 'D:/Samo/Skola/VUT_FEKT/Druhy_Rocnik/Druhy_semester/Digitalni_Elektronika/Digital-electronics-1/Labs/07-ffs/07-ffs/07-ffs.sim/sim_1/behav/xsim'
INFO: [USF-XSim-3] XSim::Elaborate design
INFO: [USF-XSim-61] Executing 'ELABORATE' step in 'D:/Samo/Skola/VUT_FEKT/Druhy_Rocnik/Druhy_semester/Digitalni_Elektronika/Digital-electronics-1/Labs/07-ffs/07-ffs/07-ffs.sim/sim_1/behav/xsim'
"xelab -wto d8fb6337bf584efe96bab8f4a88ff0a2 --incr --debug typical --relax --mt 2 -L xil_defaultlib -L secureip --snapshot tb_d_ff_arst_behav xil_defaultlib.tb_d_ff_arst -log elaborate.log"
Vivado Simulator 2020.2
Copyright 1986-1999, 2001-2020 Xilinx, Inc. All Rights Reserved.
Running: D:/Xilinx/Vivado/2020.2/bin/unwrapped/win64.o/xelab.exe -wto d8fb6337bf584efe96bab8f4a88ff0a2 --incr --debug typical --relax --mt 2 -L xil_defaultlib -L secureip --snapshot tb_d_ff_arst_behav xil_defaultlib.tb_d_ff_arst -log elaborate.log 
Using 2 slave threads.
Starting static elaboration
Completed static elaboration
INFO: [XSIM 43-4323] No Change in HDL. Linking previously generated obj files to create kernel
INFO: [USF-XSim-69] 'elaborate' step finished in '2' seconds
Vivado Simulator 2020.2
Time resolution is 1 ps
Note: Stimulus process started
Time: 0 ps  Iteration: 0  Process: /tb_d_ff_arst/p_stimulus  File: D:/Samo/Skola/VUT_FEKT/Druhy_Rocnik/Druhy_semester/Digitalni_Elektronika/Digital-electronics-1/Labs/07-ffs/07-ffs/07-ffs.srcs/sim_1/new/tb_d_ff_arst.vhd
Note: Stimulus process finished
Time: 53 ns  Iteration: 0  Process: /tb_d_ff_arst/p_stimulus  File: D:/Samo/Skola/VUT_FEKT/Druhy_Rocnik/Druhy_semester/Digitalni_Elektronika/Digital-electronics-1/Labs/07-ffs/07-ffs/07-ffs.srcs/sim_1/new/tb_d_ff_arst.vhd
relaunch_sim: Time (s): cpu = 00:00:02 ; elapsed = 00:00:06 . Memory (MB): peak = 1025.473 ; gain = 0.195
relaunch_sim
Command: launch_simulation -simset sim_1 -mode behavioral
INFO: [Vivado 12-5682] Launching behavioral simulation in 'D:/Samo/Skola/VUT_FEKT/Druhy_Rocnik/Druhy_semester/Digitalni_Elektronika/Digital-electronics-1/Labs/07-ffs/07-ffs/07-ffs.sim/sim_1/behav/xsim'
INFO: [SIM-utils-51] Simulation object is 'sim_1'
INFO: [SIM-utils-54] Inspecting design source files for 'tb_d_ff_arst' in fileset 'sim_1'...
INFO: [USF-XSim-97] Finding global include files...
INFO: [USF-XSim-98] Fetching design files from 'sim_1'...
INFO: [USF-XSim-2] XSim::Compile design
INFO: [USF-XSim-61] Executing 'COMPILE and ANALYZE' step in 'D:/Samo/Skola/VUT_FEKT/Druhy_Rocnik/Druhy_semester/Digitalni_Elektronika/Digital-electronics-1/Labs/07-ffs/07-ffs/07-ffs.sim/sim_1/behav/xsim'
"xvhdl --incr --relax -prj tb_d_ff_arst_vhdl.prj"
INFO: [VRFC 10-163] Analyzing VHDL file "D:/Samo/Skola/VUT_FEKT/Druhy_Rocnik/Druhy_semester/Digitalni_Elektronika/Digital-electronics-1/Labs/07-ffs/07-ffs/07-ffs.srcs/sim_1/new/tb_d_ff_arst.vhd" into library xil_defaultlib
INFO: [VRFC 10-3107] analyzing entity 'tb_d_ff_arst'
INFO: [USF-XSim-69] 'compile' step finished in '2' seconds
Command: launch_simulation -simset sim_1 -mode behavioral
INFO: [Vivado 12-5682] Launching behavioral simulation in 'D:/Samo/Skola/VUT_FEKT/Druhy_Rocnik/Druhy_semester/Digitalni_Elektronika/Digital-electronics-1/Labs/07-ffs/07-ffs/07-ffs.sim/sim_1/behav/xsim'
INFO: [USF-XSim-3] XSim::Elaborate design
INFO: [USF-XSim-61] Executing 'ELABORATE' step in 'D:/Samo/Skola/VUT_FEKT/Druhy_Rocnik/Druhy_semester/Digitalni_Elektronika/Digital-electronics-1/Labs/07-ffs/07-ffs/07-ffs.sim/sim_1/behav/xsim'
"xelab -wto d8fb6337bf584efe96bab8f4a88ff0a2 --incr --debug typical --relax --mt 2 -L xil_defaultlib -L secureip --snapshot tb_d_ff_arst_behav xil_defaultlib.tb_d_ff_arst -log elaborate.log"
Vivado Simulator 2020.2
Copyright 1986-1999, 2001-2020 Xilinx, Inc. All Rights Reserved.
Running: D:/Xilinx/Vivado/2020.2/bin/unwrapped/win64.o/xelab.exe -wto d8fb6337bf584efe96bab8f4a88ff0a2 --incr --debug typical --relax --mt 2 -L xil_defaultlib -L secureip --snapshot tb_d_ff_arst_behav xil_defaultlib.tb_d_ff_arst -log elaborate.log 
Using 2 slave threads.
Starting static elaboration
Completed static elaboration
Starting simulation data flow analysis
Completed simulation data flow analysis
Time Resolution for simulation is 1ps
Compiling package std.standard
Compiling package std.textio
Compiling package ieee.std_logic_1164
Compiling architecture behavioral of entity xil_defaultlib.d_ff_arst [d_ff_arst_default]
Compiling architecture behavioral of entity xil_defaultlib.tb_d_ff_arst
Built simulation snapshot tb_d_ff_arst_behav
INFO: [USF-XSim-69] 'elaborate' step finished in '2' seconds
Vivado Simulator 2020.2
Time resolution is 1 ps
Note: Stimulus process started
Time: 0 ps  Iteration: 0  Process: /tb_d_ff_arst/p_stimulus  File: D:/Samo/Skola/VUT_FEKT/Druhy_Rocnik/Druhy_semester/Digitalni_Elektronika/Digital-electronics-1/Labs/07-ffs/07-ffs/07-ffs.srcs/sim_1/new/tb_d_ff_arst.vhd
Note: Stimulus process finished
Time: 93 ns  Iteration: 0  Process: /tb_d_ff_arst/p_stimulus  File: D:/Samo/Skola/VUT_FEKT/Druhy_Rocnik/Druhy_semester/Digitalni_Elektronika/Digital-electronics-1/Labs/07-ffs/07-ffs/07-ffs.srcs/sim_1/new/tb_d_ff_arst.vhd
relaunch_sim: Time (s): cpu = 00:00:01 ; elapsed = 00:00:07 . Memory (MB): peak = 1025.488 ; gain = 0.000
close_sim
INFO: [Simtcl 6-16] Simulation closed
close [ open D:/Samo/Skola/VUT_FEKT/Druhy_Rocnik/Druhy_semester/Digitalni_Elektronika/Digital-electronics-1/Labs/07-ffs/07-ffs/07-ffs.srcs/sources_1/new/d_ff_rst.vhd w ]
add_files D:/Samo/Skola/VUT_FEKT/Druhy_Rocnik/Druhy_semester/Digitalni_Elektronika/Digital-electronics-1/Labs/07-ffs/07-ffs/07-ffs.srcs/sources_1/new/d_ff_rst.vhd
update_compile_order -fileset sources_1
set_property SOURCE_SET sources_1 [get_filesets sim_1]
close [ open D:/Samo/Skola/VUT_FEKT/Druhy_Rocnik/Druhy_semester/Digitalni_Elektronika/Digital-electronics-1/Labs/07-ffs/07-ffs/07-ffs.srcs/sim_1/new/tb_d_ff_rst.vhd w ]
add_files -fileset sim_1 D:/Samo/Skola/VUT_FEKT/Druhy_Rocnik/Druhy_semester/Digitalni_Elektronika/Digital-electronics-1/Labs/07-ffs/07-ffs/07-ffs.srcs/sim_1/new/tb_d_ff_rst.vhd
update_compile_order -fileset sim_1
set_property top tb_d_ff_rst [get_filesets sim_1]
set_property top_lib xil_defaultlib [get_filesets sim_1]
update_compile_order -fileset sim_1
launch_simulation
Command: launch_simulation 
INFO: [Vivado 12-5682] Launching behavioral simulation in 'D:/Samo/Skola/VUT_FEKT/Druhy_Rocnik/Druhy_semester/Digitalni_Elektronika/Digital-electronics-1/Labs/07-ffs/07-ffs/07-ffs.sim/sim_1/behav/xsim'
INFO: [SIM-utils-51] Simulation object is 'sim_1'
INFO: [SIM-utils-54] Inspecting design source files for 'tb_d_ff_rst' in fileset 'sim_1'...
INFO: [USF-XSim-97] Finding global include files...
INFO: [USF-XSim-98] Fetching design files from 'sim_1'...
INFO: [USF-XSim-2] XSim::Compile design
INFO: [USF-XSim-61] Executing 'COMPILE and ANALYZE' step in 'D:/Samo/Skola/VUT_FEKT/Druhy_Rocnik/Druhy_semester/Digitalni_Elektronika/Digital-electronics-1/Labs/07-ffs/07-ffs/07-ffs.sim/sim_1/behav/xsim'
"xvhdl --incr --relax -prj tb_d_ff_rst_vhdl.prj"
INFO: [VRFC 10-163] Analyzing VHDL file "D:/Samo/Skola/VUT_FEKT/Druhy_Rocnik/Druhy_semester/Digitalni_Elektronika/Digital-electronics-1/Labs/07-ffs/07-ffs/07-ffs.srcs/sources_1/new/d_ff_rst.vhd" into library xil_defaultlib
INFO: [VRFC 10-3107] analyzing entity 'd_ff_rst'
INFO: [VRFC 10-163] Analyzing VHDL file "D:/Samo/Skola/VUT_FEKT/Druhy_Rocnik/Druhy_semester/Digitalni_Elektronika/Digital-electronics-1/Labs/07-ffs/07-ffs/07-ffs.srcs/sim_1/new/tb_d_ff_rst.vhd" into library xil_defaultlib
INFO: [VRFC 10-3107] analyzing entity 'tb_d_ff_rst'
INFO: [USF-XSim-69] 'compile' step finished in '2' seconds
INFO: [USF-XSim-3] XSim::Elaborate design
INFO: [USF-XSim-61] Executing 'ELABORATE' step in 'D:/Samo/Skola/VUT_FEKT/Druhy_Rocnik/Druhy_semester/Digitalni_Elektronika/Digital-electronics-1/Labs/07-ffs/07-ffs/07-ffs.sim/sim_1/behav/xsim'
"xelab -wto d8fb6337bf584efe96bab8f4a88ff0a2 --incr --debug typical --relax --mt 2 -L xil_defaultlib -L secureip --snapshot tb_d_ff_rst_behav xil_defaultlib.tb_d_ff_rst -log elaborate.log"
Vivado Simulator 2020.2
Copyright 1986-1999, 2001-2020 Xilinx, Inc. All Rights Reserved.
Running: D:/Xilinx/Vivado/2020.2/bin/unwrapped/win64.o/xelab.exe -wto d8fb6337bf584efe96bab8f4a88ff0a2 --incr --debug typical --relax --mt 2 -L xil_defaultlib -L secureip --snapshot tb_d_ff_rst_behav xil_defaultlib.tb_d_ff_rst -log elaborate.log 
Using 2 slave threads.
Starting static elaboration
Completed static elaboration
Starting simulation data flow analysis
Completed simulation data flow analysis
Time Resolution for simulation is 1ps
Compiling package std.standard
Compiling package std.textio
Compiling package ieee.std_logic_1164
Compiling architecture behavioral of entity xil_defaultlib.d_ff_rst [d_ff_rst_default]
Compiling architecture behavioral of entity xil_defaultlib.tb_d_ff_rst
Built simulation snapshot tb_d_ff_rst_behav

****** Webtalk v2020.2 (64-bit)
  **** SW Build 3064766 on Wed Nov 18 09:12:45 MST 2020
  **** IP Build 3064653 on Wed Nov 18 14:17:31 MST 2020
    ** Copyright 1986-2020 Xilinx, Inc. All Rights Reserved.

source D:/Samo/Skola/VUT_FEKT/Druhy_Rocnik/Druhy_semester/Digitalni_Elektronika/Digital-electronics-1/Labs/07-ffs/07-ffs/07-ffs.sim/sim_1/behav/xsim/xsim.dir/tb_d_ff_rst_behav/webtalk/xsim_webtalk.tcl -notrace
INFO: [Common 17-206] Exiting Webtalk at Tue Apr 13 23:40:20 2021...
run_program: Time (s): cpu = 00:00:01 ; elapsed = 00:00:06 . Memory (MB): peak = 1094.543 ; gain = 0.000
INFO: [USF-XSim-69] 'elaborate' step finished in '6' seconds
INFO: [USF-XSim-4] XSim::Simulate design
INFO: [USF-XSim-61] Executing 'SIMULATE' step in 'D:/Samo/Skola/VUT_FEKT/Druhy_Rocnik/Druhy_semester/Digitalni_Elektronika/Digital-electronics-1/Labs/07-ffs/07-ffs/07-ffs.sim/sim_1/behav/xsim'
INFO: [USF-XSim-98] *** Running xsim
   with args "tb_d_ff_rst_behav -key {Behavioral:sim_1:Functional:tb_d_ff_rst} -tclbatch {tb_d_ff_rst.tcl} -log {simulate.log}"
INFO: [USF-XSim-8] Loading simulator feature
Vivado Simulator 2020.2
Time resolution is 1 ps
source tb_d_ff_rst.tcl
# set curr_wave [current_wave_config]
# if { [string length $curr_wave] == 0 } {
#   if { [llength [get_objects]] > 0} {
#     add_wave /
#     set_property needs_save false [current_wave_config]
#   } else {
#      send_msg_id Add_Wave-1 WARNING "No top level signals found. Simulator will start without a wave window. If you want to open a wave window go to 'File->New Waveform Configuration' or type 'create_wave_config' in the TCL console."
#   }
# }
# run 1000ns
Note: Stimulus process started
Time: 0 ps  Iteration: 0  Process: /tb_d_ff_rst/p_stimulus  File: D:/Samo/Skola/VUT_FEKT/Druhy_Rocnik/Druhy_semester/Digitalni_Elektronika/Digital-electronics-1/Labs/07-ffs/07-ffs/07-ffs.srcs/sim_1/new/tb_d_ff_rst.vhd
Note: Stimulus process finished
Time: 93 ns  Iteration: 0  Process: /tb_d_ff_rst/p_stimulus  File: D:/Samo/Skola/VUT_FEKT/Druhy_Rocnik/Druhy_semester/Digitalni_Elektronika/Digital-electronics-1/Labs/07-ffs/07-ffs/07-ffs.srcs/sim_1/new/tb_d_ff_rst.vhd
INFO: [USF-XSim-96] XSim completed. Design snapshot 'tb_d_ff_rst_behav' loaded.
INFO: [USF-XSim-97] XSim simulation ran for 1000ns
launch_simulation: Time (s): cpu = 00:00:03 ; elapsed = 00:00:10 . Memory (MB): peak = 1094.543 ; gain = 0.000
close_sim
INFO: [Simtcl 6-16] Simulation closed
close_sim: Time (s): cpu = 00:00:03 ; elapsed = 00:00:07 . Memory (MB): peak = 1094.543 ; gain = 0.000
close [ open D:/Samo/Skola/VUT_FEKT/Druhy_Rocnik/Druhy_semester/Digitalni_Elektronika/Digital-electronics-1/Labs/07-ffs/07-ffs/07-ffs.srcs/sources_1/new/jk_ff_arst.vhd w ]
add_files D:/Samo/Skola/VUT_FEKT/Druhy_Rocnik/Druhy_semester/Digitalni_Elektronika/Digital-electronics-1/Labs/07-ffs/07-ffs/07-ffs.srcs/sources_1/new/jk_ff_arst.vhd
update_compile_order -fileset sources_1
set_property SOURCE_SET sources_1 [get_filesets sim_1]
close [ open D:/Samo/Skola/VUT_FEKT/Druhy_Rocnik/Druhy_semester/Digitalni_Elektronika/Digital-electronics-1/Labs/07-ffs/07-ffs/07-ffs.srcs/sim_1/new/tb_jk_ff_arst.vhd w ]
add_files -fileset sim_1 D:/Samo/Skola/VUT_FEKT/Druhy_Rocnik/Druhy_semester/Digitalni_Elektronika/Digital-electronics-1/Labs/07-ffs/07-ffs/07-ffs.srcs/sim_1/new/tb_jk_ff_arst.vhd
update_compile_order -fileset sim_1
set_property top tb_jk_ff_rst [get_filesets sim_1]
set_property top_lib xil_defaultlib [get_filesets sim_1]
update_compile_order -fileset sim_1
launch_simulation
Command: launch_simulation 
INFO: [Vivado 12-5682] Launching behavioral simulation in 'D:/Samo/Skola/VUT_FEKT/Druhy_Rocnik/Druhy_semester/Digitalni_Elektronika/Digital-electronics-1/Labs/07-ffs/07-ffs/07-ffs.sim/sim_1/behav/xsim'
INFO: [SIM-utils-51] Simulation object is 'sim_1'
INFO: [SIM-utils-54] Inspecting design source files for 'tb_jk_ff_rst' in fileset 'sim_1'...
INFO: [USF-XSim-97] Finding global include files...
INFO: [USF-XSim-98] Fetching design files from 'sim_1'...
INFO: [USF-XSim-2] XSim::Compile design
INFO: [USF-XSim-61] Executing 'COMPILE and ANALYZE' step in 'D:/Samo/Skola/VUT_FEKT/Druhy_Rocnik/Druhy_semester/Digitalni_Elektronika/Digital-electronics-1/Labs/07-ffs/07-ffs/07-ffs.sim/sim_1/behav/xsim'
"xvhdl --incr --relax -prj tb_jk_ff_rst_vhdl.prj"
INFO: [VRFC 10-163] Analyzing VHDL file "D:/Samo/Skola/VUT_FEKT/Druhy_Rocnik/Druhy_semester/Digitalni_Elektronika/Digital-electronics-1/Labs/07-ffs/07-ffs/07-ffs.srcs/sources_1/new/jk_ff_rst.vhd" into library xil_defaultlib
INFO: [VRFC 10-3107] analyzing entity 'jk_ff_rst'
INFO: [VRFC 10-163] Analyzing VHDL file "D:/Samo/Skola/VUT_FEKT/Druhy_Rocnik/Druhy_semester/Digitalni_Elektronika/Digital-electronics-1/Labs/07-ffs/07-ffs/07-ffs.srcs/sim_1/new/tb_jk_ff_rst.vhd" into library xil_defaultlib
INFO: [VRFC 10-3107] analyzing entity 'tb_jk_ff_rst'
INFO: [USF-XSim-69] 'compile' step finished in '2' seconds
INFO: [USF-XSim-3] XSim::Elaborate design
INFO: [USF-XSim-61] Executing 'ELABORATE' step in 'D:/Samo/Skola/VUT_FEKT/Druhy_Rocnik/Druhy_semester/Digitalni_Elektronika/Digital-electronics-1/Labs/07-ffs/07-ffs/07-ffs.sim/sim_1/behav/xsim'
"xelab -wto d8fb6337bf584efe96bab8f4a88ff0a2 --incr --debug typical --relax --mt 2 -L xil_defaultlib -L secureip --snapshot tb_jk_ff_rst_behav xil_defaultlib.tb_jk_ff_rst -log elaborate.log"
Vivado Simulator 2020.2
Copyright 1986-1999, 2001-2020 Xilinx, Inc. All Rights Reserved.
Running: D:/Xilinx/Vivado/2020.2/bin/unwrapped/win64.o/xelab.exe -wto d8fb6337bf584efe96bab8f4a88ff0a2 --incr --debug typical --relax --mt 2 -L xil_defaultlib -L secureip --snapshot tb_jk_ff_rst_behav xil_defaultlib.tb_jk_ff_rst -log elaborate.log 
Using 2 slave threads.
Starting static elaboration
Completed static elaboration
Starting simulation data flow analysis
Completed simulation data flow analysis
Time Resolution for simulation is 1ps
Compiling package std.standard
Compiling package std.textio
Compiling package ieee.std_logic_1164
Compiling architecture behavioral of entity xil_defaultlib.jk_ff_rst [jk_ff_rst_default]
Compiling architecture behavioral of entity xil_defaultlib.tb_jk_ff_rst
Built simulation snapshot tb_jk_ff_rst_behav

****** Webtalk v2020.2 (64-bit)
  **** SW Build 3064766 on Wed Nov 18 09:12:45 MST 2020
  **** IP Build 3064653 on Wed Nov 18 14:17:31 MST 2020
    ** Copyright 1986-2020 Xilinx, Inc. All Rights Reserved.

source D:/Samo/Skola/VUT_FEKT/Druhy_Rocnik/Druhy_semester/Digitalni_Elektronika/Digital-electronics-1/Labs/07-ffs/07-ffs/07-ffs.sim/sim_1/behav/xsim/xsim.dir/tb_jk_ff_rst_behav/webtalk/xsim_webtalk.tcl -notrace
INFO: [Common 17-206] Exiting Webtalk at Wed Apr 14 00:10:32 2021...
run_program: Time (s): cpu = 00:00:00 ; elapsed = 00:00:06 . Memory (MB): peak = 1094.543 ; gain = 0.000
INFO: [USF-XSim-69] 'elaborate' step finished in '6' seconds
INFO: [USF-XSim-4] XSim::Simulate design
INFO: [USF-XSim-61] Executing 'SIMULATE' step in 'D:/Samo/Skola/VUT_FEKT/Druhy_Rocnik/Druhy_semester/Digitalni_Elektronika/Digital-electronics-1/Labs/07-ffs/07-ffs/07-ffs.sim/sim_1/behav/xsim'
INFO: [USF-XSim-98] *** Running xsim
   with args "tb_jk_ff_rst_behav -key {Behavioral:sim_1:Functional:tb_jk_ff_rst} -tclbatch {tb_jk_ff_rst.tcl} -log {simulate.log}"
INFO: [USF-XSim-8] Loading simulator feature
Vivado Simulator 2020.2
Time resolution is 1 ps
source tb_jk_ff_rst.tcl
# set curr_wave [current_wave_config]
# if { [string length $curr_wave] == 0 } {
#   if { [llength [get_objects]] > 0} {
#     add_wave /
#     set_property needs_save false [current_wave_config]
#   } else {
#      send_msg_id Add_Wave-1 WARNING "No top level signals found. Simulator will start without a wave window. If you want to open a wave window go to 'File->New Waveform Configuration' or type 'create_wave_config' in the TCL console."
#   }
# }
# run 1000ns
Note: Stimulus process started
Time: 0 ps  Iteration: 0  Process: /tb_jk_ff_rst/p_stimulus  File: D:/Samo/Skola/VUT_FEKT/Druhy_Rocnik/Druhy_semester/Digitalni_Elektronika/Digital-electronics-1/Labs/07-ffs/07-ffs/07-ffs.srcs/sim_1/new/tb_jk_ff_rst.vhd
Note: Stimulus process finished
Time: 114 ns  Iteration: 0  Process: /tb_jk_ff_rst/p_stimulus  File: D:/Samo/Skola/VUT_FEKT/Druhy_Rocnik/Druhy_semester/Digitalni_Elektronika/Digital-electronics-1/Labs/07-ffs/07-ffs/07-ffs.srcs/sim_1/new/tb_jk_ff_rst.vhd
INFO: [USF-XSim-96] XSim completed. Design snapshot 'tb_jk_ff_rst_behav' loaded.
INFO: [USF-XSim-97] XSim simulation ran for 1000ns
launch_simulation: Time (s): cpu = 00:00:04 ; elapsed = 00:00:11 . Memory (MB): peak = 1094.543 ; gain = 0.000
relaunch_sim
suspend_sim: Time (s): cpu = 00:00:00 ; elapsed = 00:00:05 . Memory (MB): peak = 1094.543 ; gain = 0.000
Command: launch_simulation -simset sim_1 -mode behavioral
INFO: [Vivado 12-5682] Launching behavioral simulation in 'D:/Samo/Skola/VUT_FEKT/Druhy_Rocnik/Druhy_semester/Digitalni_Elektronika/Digital-electronics-1/Labs/07-ffs/07-ffs/07-ffs.sim/sim_1/behav/xsim'
INFO: [SIM-utils-51] Simulation object is 'sim_1'
INFO: [SIM-utils-54] Inspecting design source files for 'tb_jk_ff_rst' in fileset 'sim_1'...
INFO: [USF-XSim-97] Finding global include files...
INFO: [USF-XSim-98] Fetching design files from 'sim_1'...
INFO: [USF-XSim-2] XSim::Compile design
INFO: [USF-XSim-61] Executing 'COMPILE and ANALYZE' step in 'D:/Samo/Skola/VUT_FEKT/Druhy_Rocnik/Druhy_semester/Digitalni_Elektronika/Digital-electronics-1/Labs/07-ffs/07-ffs/07-ffs.sim/sim_1/behav/xsim'
"xvhdl --incr --relax -prj tb_jk_ff_rst_vhdl.prj"
INFO: [VRFC 10-163] Analyzing VHDL file "D:/Samo/Skola/VUT_FEKT/Druhy_Rocnik/Druhy_semester/Digitalni_Elektronika/Digital-electronics-1/Labs/07-ffs/07-ffs/07-ffs.srcs/sim_1/new/tb_jk_ff_rst.vhd" into library xil_defaultlib
INFO: [VRFC 10-3107] analyzing entity 'tb_jk_ff_rst'
INFO: [USF-XSim-69] 'compile' step finished in '1' seconds
Command: launch_simulation -simset sim_1 -mode behavioral
INFO: [Vivado 12-5682] Launching behavioral simulation in 'D:/Samo/Skola/VUT_FEKT/Druhy_Rocnik/Druhy_semester/Digitalni_Elektronika/Digital-electronics-1/Labs/07-ffs/07-ffs/07-ffs.sim/sim_1/behav/xsim'
INFO: [USF-XSim-3] XSim::Elaborate design
INFO: [USF-XSim-61] Executing 'ELABORATE' step in 'D:/Samo/Skola/VUT_FEKT/Druhy_Rocnik/Druhy_semester/Digitalni_Elektronika/Digital-electronics-1/Labs/07-ffs/07-ffs/07-ffs.sim/sim_1/behav/xsim'
"xelab -wto d8fb6337bf584efe96bab8f4a88ff0a2 --incr --debug typical --relax --mt 2 -L xil_defaultlib -L secureip --snapshot tb_jk_ff_rst_behav xil_defaultlib.tb_jk_ff_rst -log elaborate.log"
Vivado Simulator 2020.2
Copyright 1986-1999, 2001-2020 Xilinx, Inc. All Rights Reserved.
Running: D:/Xilinx/Vivado/2020.2/bin/unwrapped/win64.o/xelab.exe -wto d8fb6337bf584efe96bab8f4a88ff0a2 --incr --debug typical --relax --mt 2 -L xil_defaultlib -L secureip --snapshot tb_jk_ff_rst_behav xil_defaultlib.tb_jk_ff_rst -log elaborate.log 
Using 2 slave threads.
Starting static elaboration
Completed static elaboration
Starting simulation data flow analysis
Completed simulation data flow analysis
Time Resolution for simulation is 1ps
Compiling package std.standard
Compiling package std.textio
Compiling package ieee.std_logic_1164
Compiling architecture behavioral of entity xil_defaultlib.jk_ff_rst [jk_ff_rst_default]
Compiling architecture behavioral of entity xil_defaultlib.tb_jk_ff_rst
Built simulation snapshot tb_jk_ff_rst_behav
INFO: [USF-XSim-69] 'elaborate' step finished in '2' seconds
Vivado Simulator 2020.2
Time resolution is 1 ps
Note: Stimulus process started
Time: 0 ps  Iteration: 0  Process: /tb_jk_ff_rst/p_stimulus  File: D:/Samo/Skola/VUT_FEKT/Druhy_Rocnik/Druhy_semester/Digitalni_Elektronika/Digital-electronics-1/Labs/07-ffs/07-ffs/07-ffs.srcs/sim_1/new/tb_jk_ff_rst.vhd
Note: Stimulus process finished
Time: 114 ns  Iteration: 0  Process: /tb_jk_ff_rst/p_stimulus  File: D:/Samo/Skola/VUT_FEKT/Druhy_Rocnik/Druhy_semester/Digitalni_Elektronika/Digital-electronics-1/Labs/07-ffs/07-ffs/07-ffs.srcs/sim_1/new/tb_jk_ff_rst.vhd
relaunch_sim: Time (s): cpu = 00:00:02 ; elapsed = 00:00:11 . Memory (MB): peak = 1094.543 ; gain = 0.000
relaunch_sim
Command: launch_simulation -simset sim_1 -mode behavioral
INFO: [Vivado 12-5682] Launching behavioral simulation in 'D:/Samo/Skola/VUT_FEKT/Druhy_Rocnik/Druhy_semester/Digitalni_Elektronika/Digital-electronics-1/Labs/07-ffs/07-ffs/07-ffs.sim/sim_1/behav/xsim'
INFO: [SIM-utils-51] Simulation object is 'sim_1'
INFO: [SIM-utils-54] Inspecting design source files for 'tb_jk_ff_rst' in fileset 'sim_1'...
INFO: [USF-XSim-97] Finding global include files...
INFO: [USF-XSim-98] Fetching design files from 'sim_1'...
INFO: [USF-XSim-2] XSim::Compile design
INFO: [USF-XSim-61] Executing 'COMPILE and ANALYZE' step in 'D:/Samo/Skola/VUT_FEKT/Druhy_Rocnik/Druhy_semester/Digitalni_Elektronika/Digital-electronics-1/Labs/07-ffs/07-ffs/07-ffs.sim/sim_1/behav/xsim'
"xvhdl --incr --relax -prj tb_jk_ff_rst_vhdl.prj"
INFO: [VRFC 10-163] Analyzing VHDL file "D:/Samo/Skola/VUT_FEKT/Druhy_Rocnik/Druhy_semester/Digitalni_Elektronika/Digital-electronics-1/Labs/07-ffs/07-ffs/07-ffs.srcs/sim_1/new/tb_jk_ff_rst.vhd" into library xil_defaultlib
INFO: [VRFC 10-3107] analyzing entity 'tb_jk_ff_rst'
INFO: [USF-XSim-69] 'compile' step finished in '2' seconds
Command: launch_simulation -simset sim_1 -mode behavioral
INFO: [Vivado 12-5682] Launching behavioral simulation in 'D:/Samo/Skola/VUT_FEKT/Druhy_Rocnik/Druhy_semester/Digitalni_Elektronika/Digital-electronics-1/Labs/07-ffs/07-ffs/07-ffs.sim/sim_1/behav/xsim'
INFO: [USF-XSim-3] XSim::Elaborate design
INFO: [USF-XSim-61] Executing 'ELABORATE' step in 'D:/Samo/Skola/VUT_FEKT/Druhy_Rocnik/Druhy_semester/Digitalni_Elektronika/Digital-electronics-1/Labs/07-ffs/07-ffs/07-ffs.sim/sim_1/behav/xsim'
"xelab -wto d8fb6337bf584efe96bab8f4a88ff0a2 --incr --debug typical --relax --mt 2 -L xil_defaultlib -L secureip --snapshot tb_jk_ff_rst_behav xil_defaultlib.tb_jk_ff_rst -log elaborate.log"
Vivado Simulator 2020.2
Copyright 1986-1999, 2001-2020 Xilinx, Inc. All Rights Reserved.
Running: D:/Xilinx/Vivado/2020.2/bin/unwrapped/win64.o/xelab.exe -wto d8fb6337bf584efe96bab8f4a88ff0a2 --incr --debug typical --relax --mt 2 -L xil_defaultlib -L secureip --snapshot tb_jk_ff_rst_behav xil_defaultlib.tb_jk_ff_rst -log elaborate.log 
Using 2 slave threads.
Starting static elaboration
Completed static elaboration
Starting simulation data flow analysis
Completed simulation data flow analysis
Time Resolution for simulation is 1ps
Compiling package std.standard
Compiling package std.textio
Compiling package ieee.std_logic_1164
Compiling architecture behavioral of entity xil_defaultlib.jk_ff_rst [jk_ff_rst_default]
Compiling architecture behavioral of entity xil_defaultlib.tb_jk_ff_rst
Built simulation snapshot tb_jk_ff_rst_behav
INFO: [USF-XSim-69] 'elaborate' step finished in '2' seconds
Vivado Simulator 2020.2
Time resolution is 1 ps
Note: Stimulus process started
Time: 0 ps  Iteration: 0  Process: /tb_jk_ff_rst/p_stimulus  File: D:/Samo/Skola/VUT_FEKT/Druhy_Rocnik/Druhy_semester/Digitalni_Elektronika/Digital-electronics-1/Labs/07-ffs/07-ffs/07-ffs.srcs/sim_1/new/tb_jk_ff_rst.vhd
Note: Stimulus process finished
Time: 114 ns  Iteration: 0  Process: /tb_jk_ff_rst/p_stimulus  File: D:/Samo/Skola/VUT_FEKT/Druhy_Rocnik/Druhy_semester/Digitalni_Elektronika/Digital-electronics-1/Labs/07-ffs/07-ffs/07-ffs.srcs/sim_1/new/tb_jk_ff_rst.vhd
relaunch_sim: Time (s): cpu = 00:00:02 ; elapsed = 00:00:07 . Memory (MB): peak = 1094.543 ; gain = 0.000
relaunch_sim
Command: launch_simulation -simset sim_1 -mode behavioral
INFO: [Vivado 12-5682] Launching behavioral simulation in 'D:/Samo/Skola/VUT_FEKT/Druhy_Rocnik/Druhy_semester/Digitalni_Elektronika/Digital-electronics-1/Labs/07-ffs/07-ffs/07-ffs.sim/sim_1/behav/xsim'
INFO: [SIM-utils-51] Simulation object is 'sim_1'
INFO: [SIM-utils-54] Inspecting design source files for 'tb_jk_ff_rst' in fileset 'sim_1'...
INFO: [USF-XSim-97] Finding global include files...
INFO: [USF-XSim-98] Fetching design files from 'sim_1'...
INFO: [USF-XSim-2] XSim::Compile design
INFO: [USF-XSim-61] Executing 'COMPILE and ANALYZE' step in 'D:/Samo/Skola/VUT_FEKT/Druhy_Rocnik/Druhy_semester/Digitalni_Elektronika/Digital-electronics-1/Labs/07-ffs/07-ffs/07-ffs.sim/sim_1/behav/xsim'
"xvhdl --incr --relax -prj tb_jk_ff_rst_vhdl.prj"
INFO: [VRFC 10-163] Analyzing VHDL file "D:/Samo/Skola/VUT_FEKT/Druhy_Rocnik/Druhy_semester/Digitalni_Elektronika/Digital-electronics-1/Labs/07-ffs/07-ffs/07-ffs.srcs/sim_1/new/tb_jk_ff_rst.vhd" into library xil_defaultlib
INFO: [VRFC 10-3107] analyzing entity 'tb_jk_ff_rst'
INFO: [USF-XSim-69] 'compile' step finished in '2' seconds
Command: launch_simulation -simset sim_1 -mode behavioral
INFO: [Vivado 12-5682] Launching behavioral simulation in 'D:/Samo/Skola/VUT_FEKT/Druhy_Rocnik/Druhy_semester/Digitalni_Elektronika/Digital-electronics-1/Labs/07-ffs/07-ffs/07-ffs.sim/sim_1/behav/xsim'
INFO: [USF-XSim-3] XSim::Elaborate design
INFO: [USF-XSim-61] Executing 'ELABORATE' step in 'D:/Samo/Skola/VUT_FEKT/Druhy_Rocnik/Druhy_semester/Digitalni_Elektronika/Digital-electronics-1/Labs/07-ffs/07-ffs/07-ffs.sim/sim_1/behav/xsim'
"xelab -wto d8fb6337bf584efe96bab8f4a88ff0a2 --incr --debug typical --relax --mt 2 -L xil_defaultlib -L secureip --snapshot tb_jk_ff_rst_behav xil_defaultlib.tb_jk_ff_rst -log elaborate.log"
Vivado Simulator 2020.2
Copyright 1986-1999, 2001-2020 Xilinx, Inc. All Rights Reserved.
Running: D:/Xilinx/Vivado/2020.2/bin/unwrapped/win64.o/xelab.exe -wto d8fb6337bf584efe96bab8f4a88ff0a2 --incr --debug typical --relax --mt 2 -L xil_defaultlib -L secureip --snapshot tb_jk_ff_rst_behav xil_defaultlib.tb_jk_ff_rst -log elaborate.log 
Using 2 slave threads.
Starting static elaboration
Completed static elaboration
Starting simulation data flow analysis
Completed simulation data flow analysis
Time Resolution for simulation is 1ps
Compiling package std.standard
Compiling package std.textio
Compiling package ieee.std_logic_1164
Compiling architecture behavioral of entity xil_defaultlib.jk_ff_rst [jk_ff_rst_default]
Compiling architecture behavioral of entity xil_defaultlib.tb_jk_ff_rst
Built simulation snapshot tb_jk_ff_rst_behav
INFO: [USF-XSim-69] 'elaborate' step finished in '2' seconds
Vivado Simulator 2020.2
Time resolution is 1 ps
Note: Stimulus process started
Time: 0 ps  Iteration: 0  Process: /tb_jk_ff_rst/p_stimulus  File: D:/Samo/Skola/VUT_FEKT/Druhy_Rocnik/Druhy_semester/Digitalni_Elektronika/Digital-electronics-1/Labs/07-ffs/07-ffs/07-ffs.srcs/sim_1/new/tb_jk_ff_rst.vhd
Note: Stimulus process finished
Time: 124 ns  Iteration: 0  Process: /tb_jk_ff_rst/p_stimulus  File: D:/Samo/Skola/VUT_FEKT/Druhy_Rocnik/Druhy_semester/Digitalni_Elektronika/Digital-electronics-1/Labs/07-ffs/07-ffs/07-ffs.srcs/sim_1/new/tb_jk_ff_rst.vhd
relaunch_sim: Time (s): cpu = 00:00:01 ; elapsed = 00:00:07 . Memory (MB): peak = 1094.543 ; gain = 0.000
close_sim
INFO: [Simtcl 6-16] Simulation closed
set_property top tb_jk_ff_arst [get_filesets sim_1]
set_property top_lib xil_defaultlib [get_filesets sim_1]
update_compile_order -fileset sim_1
launch_simulation
Command: launch_simulation 
INFO: [Vivado 12-5682] Launching behavioral simulation in 'D:/Samo/Skola/VUT_FEKT/Druhy_Rocnik/Druhy_semester/Digitalni_Elektronika/Digital-electronics-1/Labs/07-ffs/07-ffs/07-ffs.sim/sim_1/behav/xsim'
INFO: [SIM-utils-51] Simulation object is 'sim_1'
INFO: [SIM-utils-54] Inspecting design source files for 'tb_jk_ff_arst' in fileset 'sim_1'...
INFO: [USF-XSim-97] Finding global include files...
INFO: [USF-XSim-98] Fetching design files from 'sim_1'...
INFO: [USF-XSim-2] XSim::Compile design
INFO: [USF-XSim-61] Executing 'COMPILE and ANALYZE' step in 'D:/Samo/Skola/VUT_FEKT/Druhy_Rocnik/Druhy_semester/Digitalni_Elektronika/Digital-electronics-1/Labs/07-ffs/07-ffs/07-ffs.sim/sim_1/behav/xsim'
"xvhdl --incr --relax -prj tb_jk_ff_arst_vhdl.prj"
INFO: [VRFC 10-163] Analyzing VHDL file "D:/Samo/Skola/VUT_FEKT/Druhy_Rocnik/Druhy_semester/Digitalni_Elektronika/Digital-electronics-1/Labs/07-ffs/07-ffs/07-ffs.srcs/sources_1/new/jk_ff_arst.vhd" into library xil_defaultlib
INFO: [VRFC 10-3107] analyzing entity 'jk_ff_arst'
INFO: [VRFC 10-163] Analyzing VHDL file "D:/Samo/Skola/VUT_FEKT/Druhy_Rocnik/Druhy_semester/Digitalni_Elektronika/Digital-electronics-1/Labs/07-ffs/07-ffs/07-ffs.srcs/sim_1/new/tb_jk_ff_arst.vhd" into library xil_defaultlib
INFO: [VRFC 10-3107] analyzing entity 'tb_jk_ff_arst'
INFO: [USF-XSim-69] 'compile' step finished in '1' seconds
INFO: [USF-XSim-3] XSim::Elaborate design
INFO: [USF-XSim-61] Executing 'ELABORATE' step in 'D:/Samo/Skola/VUT_FEKT/Druhy_Rocnik/Druhy_semester/Digitalni_Elektronika/Digital-electronics-1/Labs/07-ffs/07-ffs/07-ffs.sim/sim_1/behav/xsim'
"xelab -wto d8fb6337bf584efe96bab8f4a88ff0a2 --incr --debug typical --relax --mt 2 -L xil_defaultlib -L secureip --snapshot tb_jk_ff_arst_behav xil_defaultlib.tb_jk_ff_arst -log elaborate.log"
Vivado Simulator 2020.2
Copyright 1986-1999, 2001-2020 Xilinx, Inc. All Rights Reserved.
Running: D:/Xilinx/Vivado/2020.2/bin/unwrapped/win64.o/xelab.exe -wto d8fb6337bf584efe96bab8f4a88ff0a2 --incr --debug typical --relax --mt 2 -L xil_defaultlib -L secureip --snapshot tb_jk_ff_arst_behav xil_defaultlib.tb_jk_ff_arst -log elaborate.log 
Using 2 slave threads.
Starting static elaboration
Completed static elaboration
Starting simulation data flow analysis
Completed simulation data flow analysis
Time Resolution for simulation is 1ps
Compiling package std.standard
Compiling package std.textio
Compiling package ieee.std_logic_1164
Compiling architecture behavioral of entity xil_defaultlib.jk_ff_arst [jk_ff_arst_default]
Compiling architecture behavioral of entity xil_defaultlib.tb_jk_ff_arst
Built simulation snapshot tb_jk_ff_arst_behav

****** Webtalk v2020.2 (64-bit)
  **** SW Build 3064766 on Wed Nov 18 09:12:45 MST 2020
  **** IP Build 3064653 on Wed Nov 18 14:17:31 MST 2020
    ** Copyright 1986-2020 Xilinx, Inc. All Rights Reserved.

source D:/Samo/Skola/VUT_FEKT/Druhy_Rocnik/Druhy_semester/Digitalni_Elektronika/Digital-electronics-1/Labs/07-ffs/07-ffs/07-ffs.sim/sim_1/behav/xsim/xsim.dir/tb_jk_ff_arst_behav/webtalk/xsim_webtalk.tcl -notrace
INFO: [Common 17-206] Exiting Webtalk at Wed Apr 14 00:21:58 2021...
run_program: Time (s): cpu = 00:00:00 ; elapsed = 00:00:06 . Memory (MB): peak = 1094.543 ; gain = 0.000
INFO: [USF-XSim-69] 'elaborate' step finished in '6' seconds
INFO: [USF-XSim-4] XSim::Simulate design
INFO: [USF-XSim-61] Executing 'SIMULATE' step in 'D:/Samo/Skola/VUT_FEKT/Druhy_Rocnik/Druhy_semester/Digitalni_Elektronika/Digital-electronics-1/Labs/07-ffs/07-ffs/07-ffs.sim/sim_1/behav/xsim'
INFO: [USF-XSim-98] *** Running xsim
   with args "tb_jk_ff_arst_behav -key {Behavioral:sim_1:Functional:tb_jk_ff_arst} -tclbatch {tb_jk_ff_arst.tcl} -log {simulate.log}"
INFO: [USF-XSim-8] Loading simulator feature
Vivado Simulator 2020.2
Time resolution is 1 ps
source tb_jk_ff_arst.tcl
# set curr_wave [current_wave_config]
# if { [string length $curr_wave] == 0 } {
#   if { [llength [get_objects]] > 0} {
#     add_wave /
#     set_property needs_save false [current_wave_config]
#   } else {
#      send_msg_id Add_Wave-1 WARNING "No top level signals found. Simulator will start without a wave window. If you want to open a wave window go to 'File->New Waveform Configuration' or type 'create_wave_config' in the TCL console."
#   }
# }
# run 1000ns
Note: Stimulus process started
Time: 0 ps  Iteration: 0  Process: /tb_jk_ff_arst/p_stimulus  File: D:/Samo/Skola/VUT_FEKT/Druhy_Rocnik/Druhy_semester/Digitalni_Elektronika/Digital-electronics-1/Labs/07-ffs/07-ffs/07-ffs.srcs/sim_1/new/tb_jk_ff_arst.vhd
Note: Stimulus process finished
Time: 124 ns  Iteration: 0  Process: /tb_jk_ff_arst/p_stimulus  File: D:/Samo/Skola/VUT_FEKT/Druhy_Rocnik/Druhy_semester/Digitalni_Elektronika/Digital-electronics-1/Labs/07-ffs/07-ffs/07-ffs.srcs/sim_1/new/tb_jk_ff_arst.vhd
INFO: [USF-XSim-96] XSim completed. Design snapshot 'tb_jk_ff_arst_behav' loaded.
INFO: [USF-XSim-97] XSim simulation ran for 1000ns
launch_simulation: Time (s): cpu = 00:00:03 ; elapsed = 00:00:10 . Memory (MB): peak = 1094.543 ; gain = 0.000
relaunch_sim
suspend_sim: Time (s): cpu = 00:00:00 ; elapsed = 00:00:05 . Memory (MB): peak = 1094.543 ; gain = 0.000
Command: launch_simulation -simset sim_1 -mode behavioral
INFO: [Vivado 12-5682] Launching behavioral simulation in 'D:/Samo/Skola/VUT_FEKT/Druhy_Rocnik/Druhy_semester/Digitalni_Elektronika/Digital-electronics-1/Labs/07-ffs/07-ffs/07-ffs.sim/sim_1/behav/xsim'
INFO: [SIM-utils-51] Simulation object is 'sim_1'
INFO: [SIM-utils-54] Inspecting design source files for 'tb_jk_ff_arst' in fileset 'sim_1'...
INFO: [USF-XSim-97] Finding global include files...
INFO: [USF-XSim-98] Fetching design files from 'sim_1'...
INFO: [USF-XSim-2] XSim::Compile design
INFO: [USF-XSim-61] Executing 'COMPILE and ANALYZE' step in 'D:/Samo/Skola/VUT_FEKT/Druhy_Rocnik/Druhy_semester/Digitalni_Elektronika/Digital-electronics-1/Labs/07-ffs/07-ffs/07-ffs.sim/sim_1/behav/xsim'
"xvhdl --incr --relax -prj tb_jk_ff_arst_vhdl.prj"
INFO: [VRFC 10-163] Analyzing VHDL file "D:/Samo/Skola/VUT_FEKT/Druhy_Rocnik/Druhy_semester/Digitalni_Elektronika/Digital-electronics-1/Labs/07-ffs/07-ffs/07-ffs.srcs/sources_1/new/jk_ff_arst.vhd" into library xil_defaultlib
INFO: [VRFC 10-3107] analyzing entity 'jk_ff_arst'
INFO: [VRFC 10-163] Analyzing VHDL file "D:/Samo/Skola/VUT_FEKT/Druhy_Rocnik/Druhy_semester/Digitalni_Elektronika/Digital-electronics-1/Labs/07-ffs/07-ffs/07-ffs.srcs/sim_1/new/tb_jk_ff_arst.vhd" into library xil_defaultlib
INFO: [VRFC 10-3107] analyzing entity 'tb_jk_ff_arst'
INFO: [USF-XSim-69] 'compile' step finished in '2' seconds
Command: launch_simulation -simset sim_1 -mode behavioral
INFO: [Vivado 12-5682] Launching behavioral simulation in 'D:/Samo/Skola/VUT_FEKT/Druhy_Rocnik/Druhy_semester/Digitalni_Elektronika/Digital-electronics-1/Labs/07-ffs/07-ffs/07-ffs.sim/sim_1/behav/xsim'
INFO: [USF-XSim-3] XSim::Elaborate design
INFO: [USF-XSim-61] Executing 'ELABORATE' step in 'D:/Samo/Skola/VUT_FEKT/Druhy_Rocnik/Druhy_semester/Digitalni_Elektronika/Digital-electronics-1/Labs/07-ffs/07-ffs/07-ffs.sim/sim_1/behav/xsim'
"xelab -wto d8fb6337bf584efe96bab8f4a88ff0a2 --incr --debug typical --relax --mt 2 -L xil_defaultlib -L secureip --snapshot tb_jk_ff_arst_behav xil_defaultlib.tb_jk_ff_arst -log elaborate.log"
Vivado Simulator 2020.2
Copyright 1986-1999, 2001-2020 Xilinx, Inc. All Rights Reserved.
Running: D:/Xilinx/Vivado/2020.2/bin/unwrapped/win64.o/xelab.exe -wto d8fb6337bf584efe96bab8f4a88ff0a2 --incr --debug typical --relax --mt 2 -L xil_defaultlib -L secureip --snapshot tb_jk_ff_arst_behav xil_defaultlib.tb_jk_ff_arst -log elaborate.log 
Using 2 slave threads.
Starting static elaboration
Completed static elaboration
Starting simulation data flow analysis
Completed simulation data flow analysis
Time Resolution for simulation is 1ps
Compiling package std.standard
Compiling package std.textio
Compiling package ieee.std_logic_1164
Compiling architecture behavioral of entity xil_defaultlib.jk_ff_arst [jk_ff_arst_default]
Compiling architecture behavioral of entity xil_defaultlib.tb_jk_ff_arst
Built simulation snapshot tb_jk_ff_arst_behav
INFO: [USF-XSim-69] 'elaborate' step finished in '2' seconds
Vivado Simulator 2020.2
Time resolution is 1 ps
Note: Stimulus process started
Time: 0 ps  Iteration: 0  Process: /tb_jk_ff_arst/p_stimulus  File: D:/Samo/Skola/VUT_FEKT/Druhy_Rocnik/Druhy_semester/Digitalni_Elektronika/Digital-electronics-1/Labs/07-ffs/07-ffs/07-ffs.srcs/sim_1/new/tb_jk_ff_arst.vhd
Note: Stimulus process finished
Time: 124 ns  Iteration: 0  Process: /tb_jk_ff_arst/p_stimulus  File: D:/Samo/Skola/VUT_FEKT/Druhy_Rocnik/Druhy_semester/Digitalni_Elektronika/Digital-electronics-1/Labs/07-ffs/07-ffs/07-ffs.srcs/sim_1/new/tb_jk_ff_arst.vhd
relaunch_sim: Time (s): cpu = 00:00:01 ; elapsed = 00:00:11 . Memory (MB): peak = 1094.543 ; gain = 0.000
relaunch_sim
Command: launch_simulation -simset sim_1 -mode behavioral
INFO: [Vivado 12-5682] Launching behavioral simulation in 'D:/Samo/Skola/VUT_FEKT/Druhy_Rocnik/Druhy_semester/Digitalni_Elektronika/Digital-electronics-1/Labs/07-ffs/07-ffs/07-ffs.sim/sim_1/behav/xsim'
INFO: [SIM-utils-51] Simulation object is 'sim_1'
INFO: [SIM-utils-54] Inspecting design source files for 'tb_jk_ff_arst' in fileset 'sim_1'...
INFO: [USF-XSim-97] Finding global include files...
INFO: [USF-XSim-98] Fetching design files from 'sim_1'...
INFO: [USF-XSim-2] XSim::Compile design
INFO: [USF-XSim-61] Executing 'COMPILE and ANALYZE' step in 'D:/Samo/Skola/VUT_FEKT/Druhy_Rocnik/Druhy_semester/Digitalni_Elektronika/Digital-electronics-1/Labs/07-ffs/07-ffs/07-ffs.sim/sim_1/behav/xsim'
"xvhdl --incr --relax -prj tb_jk_ff_arst_vhdl.prj"
INFO: [VRFC 10-163] Analyzing VHDL file "D:/Samo/Skola/VUT_FEKT/Druhy_Rocnik/Druhy_semester/Digitalni_Elektronika/Digital-electronics-1/Labs/07-ffs/07-ffs/07-ffs.srcs/sources_1/new/jk_ff_arst.vhd" into library xil_defaultlib
INFO: [VRFC 10-3107] analyzing entity 'jk_ff_arst'
INFO: [VRFC 10-163] Analyzing VHDL file "D:/Samo/Skola/VUT_FEKT/Druhy_Rocnik/Druhy_semester/Digitalni_Elektronika/Digital-electronics-1/Labs/07-ffs/07-ffs/07-ffs.srcs/sim_1/new/tb_jk_ff_arst.vhd" into library xil_defaultlib
INFO: [VRFC 10-3107] analyzing entity 'tb_jk_ff_arst'
INFO: [USF-XSim-69] 'compile' step finished in '1' seconds
Command: launch_simulation -simset sim_1 -mode behavioral
INFO: [Vivado 12-5682] Launching behavioral simulation in 'D:/Samo/Skola/VUT_FEKT/Druhy_Rocnik/Druhy_semester/Digitalni_Elektronika/Digital-electronics-1/Labs/07-ffs/07-ffs/07-ffs.sim/sim_1/behav/xsim'
INFO: [USF-XSim-3] XSim::Elaborate design
INFO: [USF-XSim-61] Executing 'ELABORATE' step in 'D:/Samo/Skola/VUT_FEKT/Druhy_Rocnik/Druhy_semester/Digitalni_Elektronika/Digital-electronics-1/Labs/07-ffs/07-ffs/07-ffs.sim/sim_1/behav/xsim'
"xelab -wto d8fb6337bf584efe96bab8f4a88ff0a2 --incr --debug typical --relax --mt 2 -L xil_defaultlib -L secureip --snapshot tb_jk_ff_arst_behav xil_defaultlib.tb_jk_ff_arst -log elaborate.log"
Vivado Simulator 2020.2
Copyright 1986-1999, 2001-2020 Xilinx, Inc. All Rights Reserved.
Running: D:/Xilinx/Vivado/2020.2/bin/unwrapped/win64.o/xelab.exe -wto d8fb6337bf584efe96bab8f4a88ff0a2 --incr --debug typical --relax --mt 2 -L xil_defaultlib -L secureip --snapshot tb_jk_ff_arst_behav xil_defaultlib.tb_jk_ff_arst -log elaborate.log 
Using 2 slave threads.
Starting static elaboration
Completed static elaboration
Starting simulation data flow analysis
Completed simulation data flow analysis
Time Resolution for simulation is 1ps
Compiling package std.standard
Compiling package std.textio
Compiling package ieee.std_logic_1164
Compiling architecture behavioral of entity xil_defaultlib.jk_ff_arst [jk_ff_arst_default]
Compiling architecture behavioral of entity xil_defaultlib.tb_jk_ff_arst
Built simulation snapshot tb_jk_ff_arst_behav
INFO: [USF-XSim-69] 'elaborate' step finished in '2' seconds
Vivado Simulator 2020.2
Time resolution is 1 ps
Note: Stimulus process started
Time: 0 ps  Iteration: 0  Process: /tb_jk_ff_arst/p_stimulus  File: D:/Samo/Skola/VUT_FEKT/Druhy_Rocnik/Druhy_semester/Digitalni_Elektronika/Digital-electronics-1/Labs/07-ffs/07-ffs/07-ffs.srcs/sim_1/new/tb_jk_ff_arst.vhd
Note: Stimulus process finished
Time: 124 ns  Iteration: 0  Process: /tb_jk_ff_arst/p_stimulus  File: D:/Samo/Skola/VUT_FEKT/Druhy_Rocnik/Druhy_semester/Digitalni_Elektronika/Digital-electronics-1/Labs/07-ffs/07-ffs/07-ffs.srcs/sim_1/new/tb_jk_ff_arst.vhd
relaunch_sim: Time (s): cpu = 00:00:01 ; elapsed = 00:00:07 . Memory (MB): peak = 1094.543 ; gain = 0.000
close_sim
INFO: [Simtcl 6-16] Simulation closed
close [ open D:/Samo/Skola/VUT_FEKT/Druhy_Rocnik/Druhy_semester/Digitalni_Elektronika/Digital-electronics-1/Labs/07-ffs/07-ffs/07-ffs.srcs/sources_1/new/t_ff_rst.vhd w ]
add_files D:/Samo/Skola/VUT_FEKT/Druhy_Rocnik/Druhy_semester/Digitalni_Elektronika/Digital-electronics-1/Labs/07-ffs/07-ffs/07-ffs.srcs/sources_1/new/t_ff_rst.vhd
update_compile_order -fileset sources_1
set_property SOURCE_SET sources_1 [get_filesets sim_1]
close [ open D:/Samo/Skola/VUT_FEKT/Druhy_Rocnik/Druhy_semester/Digitalni_Elektronika/Digital-electronics-1/Labs/07-ffs/07-ffs/07-ffs.srcs/sim_1/new/tb_t_ff_rst.vhd w ]
add_files -fileset sim_1 D:/Samo/Skola/VUT_FEKT/Druhy_Rocnik/Druhy_semester/Digitalni_Elektronika/Digital-electronics-1/Labs/07-ffs/07-ffs/07-ffs.srcs/sim_1/new/tb_t_ff_rst.vhd
update_compile_order -fileset sim_1
exit
INFO: [Common 17-206] Exiting Vivado at Wed Apr 14 00:41:27 2021...
